2019-09-28 10:29:16.4368|ERROR|BuildInspect.Models.Utility.AppSettings|Error occured in SendMail():
2019-09-28 10:29:16.4525|ERROR|BuildInspect.Models.Utility.AppSettings|The remote certificate is invalid according to the validation procedure.
2019-09-28 10:29:16.4837|ERROR|BuildInspect.Models.Utility.AppSettings|   at System.Net.Security.SslState.StartSendAuthResetSignal(ProtocolToken message, AsyncProtocolRequest asyncRequest, Exception exception)
   at System.Net.Security.SslState.CheckCompletionBeforeNextReceive(ProtocolToken message, AsyncProtocolRequest asyncRequest)
   at System.Net.Security.SslState.StartSendBlob(Byte[] incoming, Int32 count, AsyncProtocolRequest asyncRequest)
   at System.Net.Security.SslState.ProcessReceivedBlob(Byte[] buffer, Int32 count, AsyncProtocolRequest asyncRequest)
   at System.Net.Security.SslState.StartReadFrame(Byte[] buffer, Int32 readBytes, AsyncProtocolRequest asyncRequest)
   at System.Net.Security.SslState.StartReceiveBlob(Byte[] buffer, AsyncProtocolRequest asyncRequest)
   at System.Net.Security.SslState.CheckCompletionBeforeNextReceive(ProtocolToken message, AsyncProtocolRequest asyncRequest)
   at System.Net.Security.SslState.StartSendBlob(Byte[] incoming, Int32 count, AsyncProtocolRequest asyncRequest)
   at System.Net.Security.SslState.ProcessReceivedBlob(Byte[] buffer, Int32 count, AsyncProtocolRequest asyncRequest)
   at System.Net.Security.SslState.StartReadFrame(Byte[] buffer, Int32 readBytes, AsyncProtocolRequest asyncRequest)
   at System.Net.Security.SslState.StartReceiveBlob(Byte[] buffer, AsyncProtocolRequest asyncRequest)
   at System.Net.Security.SslState.CheckCompletionBeforeNextReceive(ProtocolToken message, AsyncProtocolRequest asyncRequest)
   at System.Net.Security.SslState.StartSendBlob(Byte[] incoming, Int32 count, AsyncProtocolRequest asyncRequest)
   at System.Net.Security.SslState.ProcessReceivedBlob(Byte[] buffer, Int32 count, AsyncProtocolRequest asyncRequest)
   at System.Net.Security.SslState.StartReadFrame(Byte[] buffer, Int32 readBytes, AsyncProtocolRequest asyncRequest)
   at System.Net.Security.SslState.StartReceiveBlob(Byte[] buffer, AsyncProtocolRequest asyncRequest)
   at System.Net.Security.SslState.CheckCompletionBeforeNextReceive(ProtocolToken message, AsyncProtocolRequest asyncRequest)
   at System.Net.Security.SslState.StartSendBlob(Byte[] incoming, Int32 count, AsyncProtocolRequest asyncRequest)
   at System.Net.Security.SslState.ForceAuthentication(Boolean receiveFirst, Byte[] buffer, AsyncProtocolRequest asyncRequest)
   at System.Net.Security.SslState.ProcessAuthentication(LazyAsyncResult lazyResult)
   at System.Net.TlsStream.CallProcessAuthentication(Object state)
   at System.Threading.ExecutionContext.RunInternal(ExecutionContext executionContext, ContextCallback callback, Object state, Boolean preserveSyncCtx)
   at System.Threading.ExecutionContext.Run(ExecutionContext executionContext, ContextCallback callback, Object state, Boolean preserveSyncCtx)
   at System.Threading.ExecutionContext.Run(ExecutionContext executionContext, ContextCallback callback, Object state)
   at System.Net.TlsStream.ProcessAuthentication(LazyAsyncResult result)
   at System.Net.TlsStream.Write(Byte[] buffer, Int32 offset, Int32 size)
   at System.Net.PooledStream.Write(Byte[] buffer, Int32 offset, Int32 size)
   at System.Net.Mail.SmtpConnection.Flush()
   at System.Net.Mail.ReadLinesCommand.Send(SmtpConnection conn)
   at System.Net.Mail.EHelloCommand.Send(SmtpConnection conn, String domain)
   at System.Net.Mail.SmtpConnection.GetConnection(ServicePoint servicePoint)
   at System.Net.Mail.SmtpTransport.GetConnection(ServicePoint servicePoint)
   at System.Net.Mail.SmtpClient.GetConnection()
   at System.Net.Mail.SmtpClient.Send(MailMessage message)
   at BuildInspect.Models.Utility.AppSettings.sendEmail(String subject, String body, String toEmailAddress, String ccEmailAddress, String attachments, Int32 companyid) in F:\Proj-Pandees\EBI\BuildInspect_UAT\BuildInspect\Models\Utility\AppSettings.cs:line 140
2019-09-28 10:29:16.4993|DEBUG|BuildInspect.Controllers.PdfCreationController|Mail Reminder error from Scheduler:
2019-09-28 10:29:16.4993|DEBUG|BuildInspect.Controllers.PdfCreationController|The remote certificate is invalid according to the validation procedure.
2019-09-28 10:29:16.4993|DEBUG|BuildInspect.Controllers.PdfCreationController|   at BuildInspect.Models.Utility.AppSettings.sendEmail(String subject, String body, String toEmailAddress, String ccEmailAddress, String attachments, Int32 companyid) in F:\Proj-Pandees\EBI\BuildInspect_UAT\BuildInspect\Models\Utility\AppSettings.cs:line 149
   at BuildInspect.Controllers.PdfCreationController.SendMailReminder(Int32 id, String key, Int32 mailflag) in F:\Proj-Pandees\EBI\BuildInspect_UAT\BuildInspect\Controllers\PdfCreationController.cs:line 514
2019-09-28 10:31:20.0070|ERROR|BuildInspect.Models.Utility.AppSettings|Error occured in SendMail():
2019-09-28 10:31:20.0070|ERROR|BuildInspect.Models.Utility.AppSettings|The remote certificate is invalid according to the validation procedure.
2019-09-28 10:31:20.0070|ERROR|BuildInspect.Models.Utility.AppSettings|   at System.Net.Security.SslState.StartSendAuthResetSignal(ProtocolToken message, AsyncProtocolRequest asyncRequest, Exception exception)
   at System.Net.Security.SslState.CheckCompletionBeforeNextReceive(ProtocolToken message, AsyncProtocolRequest asyncRequest)
   at System.Net.Security.SslState.StartSendBlob(Byte[] incoming, Int32 count, AsyncProtocolRequest asyncRequest)
   at System.Net.Security.SslState.ProcessReceivedBlob(Byte[] buffer, Int32 count, AsyncProtocolRequest asyncRequest)
   at System.Net.Security.SslState.StartReadFrame(Byte[] buffer, Int32 readBytes, AsyncProtocolRequest asyncRequest)
   at System.Net.Security.SslState.StartReceiveBlob(Byte[] buffer, AsyncProtocolRequest asyncRequest)
   at System.Net.Security.SslState.CheckCompletionBeforeNextReceive(ProtocolToken message, AsyncProtocolRequest asyncRequest)
   at System.Net.Security.SslState.StartSendBlob(Byte[] incoming, Int32 count, AsyncProtocolRequest asyncRequest)
   at System.Net.Security.SslState.ProcessReceivedBlob(Byte[] buffer, Int32 count, AsyncProtocolRequest asyncRequest)
   at System.Net.Security.SslState.StartReadFrame(Byte[] buffer, Int32 readBytes, AsyncProtocolRequest asyncRequest)
   at System.Net.Security.SslState.StartReceiveBlob(Byte[] buffer, AsyncProtocolRequest asyncRequest)
   at System.Net.Security.SslState.CheckCompletionBeforeNextReceive(ProtocolToken message, AsyncProtocolRequest asyncRequest)
   at System.Net.Security.SslState.StartSendBlob(Byte[] incoming, Int32 count, AsyncProtocolRequest asyncRequest)
   at System.Net.Security.SslState.ProcessReceivedBlob(Byte[] buffer, Int32 count, AsyncProtocolRequest asyncRequest)
   at System.Net.Security.SslState.StartReadFrame(Byte[] buffer, Int32 readBytes, AsyncProtocolRequest asyncRequest)
   at System.Net.Security.SslState.StartReceiveBlob(Byte[] buffer, AsyncProtocolRequest asyncRequest)
   at System.Net.Security.SslState.CheckCompletionBeforeNextReceive(ProtocolToken message, AsyncProtocolRequest asyncRequest)
   at System.Net.Security.SslState.StartSendBlob(Byte[] incoming, Int32 count, AsyncProtocolRequest asyncRequest)
   at System.Net.Security.SslState.ForceAuthentication(Boolean receiveFirst, Byte[] buffer, AsyncProtocolRequest asyncRequest)
   at System.Net.Security.SslState.ProcessAuthentication(LazyAsyncResult lazyResult)
   at System.Net.TlsStream.CallProcessAuthentication(Object state)
   at System.Threading.ExecutionContext.RunInternal(ExecutionContext executionContext, ContextCallback callback, Object state, Boolean preserveSyncCtx)
   at System.Threading.ExecutionContext.Run(ExecutionContext executionContext, ContextCallback callback, Object state, Boolean preserveSyncCtx)
   at System.Threading.ExecutionContext.Run(ExecutionContext executionContext, ContextCallback callback, Object state)
   at System.Net.TlsStream.ProcessAuthentication(LazyAsyncResult result)
   at System.Net.TlsStream.Write(Byte[] buffer, Int32 offset, Int32 size)
   at System.Net.PooledStream.Write(Byte[] buffer, Int32 offset, Int32 size)
   at System.Net.Mail.SmtpConnection.Flush()
   at System.Net.Mail.ReadLinesCommand.Send(SmtpConnection conn)
   at System.Net.Mail.EHelloCommand.Send(SmtpConnection conn, String domain)
   at System.Net.Mail.SmtpConnection.GetConnection(ServicePoint servicePoint)
   at System.Net.Mail.SmtpTransport.GetConnection(ServicePoint servicePoint)
   at System.Net.Mail.SmtpClient.GetConnection()
   at System.Net.Mail.SmtpClient.Send(MailMessage message)
   at BuildInspect.Models.Utility.AppSettings.sendEmail(String subject, String body, String toEmailAddress, String ccEmailAddress, String attachments, Int32 companyid) in F:\Proj-Pandees\EBI\BuildInspect_UAT\BuildInspect\Models\Utility\AppSettings.cs:line 140
2019-09-28 10:31:53.1196|DEBUG|BuildInspect.Controllers.PdfCreationController|Mail Reminder error from Scheduler:
2019-09-28 10:31:53.1256|DEBUG|BuildInspect.Controllers.PdfCreationController|The remote certificate is invalid according to the validation procedure.
2019-09-28 10:31:53.1256|DEBUG|BuildInspect.Controllers.PdfCreationController|   at BuildInspect.Models.Utility.AppSettings.sendEmail(String subject, String body, String toEmailAddress, String ccEmailAddress, String attachments, Int32 companyid) in F:\Proj-Pandees\EBI\BuildInspect_UAT\BuildInspect\Models\Utility\AppSettings.cs:line 149
   at BuildInspect.Controllers.PdfCreationController.SendMailReminder(Int32 id, String key, Int32 mailflag) in F:\Proj-Pandees\EBI\BuildInspect_UAT\BuildInspect\Controllers\PdfCreationController.cs:line 514
2019-09-28 10:34:32.6163|ERROR|BuildInspect.Models.Utility.AppSettings|Error occured in SendMail():
2019-09-28 10:34:32.6476|ERROR|BuildInspect.Models.Utility.AppSettings|The remote certificate is invalid according to the validation procedure.
2019-09-28 10:34:32.6476|ERROR|BuildInspect.Models.Utility.AppSettings|   at System.Net.Security.SslState.StartSendAuthResetSignal(ProtocolToken message, AsyncProtocolRequest asyncRequest, Exception exception)
   at System.Net.Security.SslState.CheckCompletionBeforeNextReceive(ProtocolToken message, AsyncProtocolRequest asyncRequest)
   at System.Net.Security.SslState.StartSendBlob(Byte[] incoming, Int32 count, AsyncProtocolRequest asyncRequest)
   at System.Net.Security.SslState.ProcessReceivedBlob(Byte[] buffer, Int32 count, AsyncProtocolRequest asyncRequest)
   at System.Net.Security.SslState.StartReadFrame(Byte[] buffer, Int32 readBytes, AsyncProtocolRequest asyncRequest)
   at System.Net.Security.SslState.StartReceiveBlob(Byte[] buffer, AsyncProtocolRequest asyncRequest)
   at System.Net.Security.SslState.CheckCompletionBeforeNextReceive(ProtocolToken message, AsyncProtocolRequest asyncRequest)
   at System.Net.Security.SslState.StartSendBlob(Byte[] incoming, Int32 count, AsyncProtocolRequest asyncRequest)
   at System.Net.Security.SslState.ProcessReceivedBlob(Byte[] buffer, Int32 count, AsyncProtocolRequest asyncRequest)
   at System.Net.Security.SslState.StartReadFrame(Byte[] buffer, Int32 readBytes, AsyncProtocolRequest asyncRequest)
   at System.Net.Security.SslState.StartReceiveBlob(Byte[] buffer, AsyncProtocolRequest asyncRequest)
   at System.Net.Security.SslState.CheckCompletionBeforeNextReceive(ProtocolToken message, AsyncProtocolRequest asyncRequest)
   at System.Net.Security.SslState.StartSendBlob(Byte[] incoming, Int32 count, AsyncProtocolRequest asyncRequest)
   at System.Net.Security.SslState.ProcessReceivedBlob(Byte[] buffer, Int32 count, AsyncProtocolRequest asyncRequest)
   at System.Net.Security.SslState.StartReadFrame(Byte[] buffer, Int32 readBytes, AsyncProtocolRequest asyncRequest)
   at System.Net.Security.SslState.StartReceiveBlob(Byte[] buffer, AsyncProtocolRequest asyncRequest)
   at System.Net.Security.SslState.CheckCompletionBeforeNextReceive(ProtocolToken message, AsyncProtocolRequest asyncRequest)
   at System.Net.Security.SslState.StartSendBlob(Byte[] incoming, Int32 count, AsyncProtocolRequest asyncRequest)
   at System.Net.Security.SslState.ForceAuthentication(Boolean receiveFirst, Byte[] buffer, AsyncProtocolRequest asyncRequest)
   at System.Net.Security.SslState.ProcessAuthentication(LazyAsyncResult lazyResult)
   at System.Net.TlsStream.CallProcessAuthentication(Object state)
   at System.Threading.ExecutionContext.RunInternal(ExecutionContext executionContext, ContextCallback callback, Object state, Boolean preserveSyncCtx)
   at System.Threading.ExecutionContext.Run(ExecutionContext executionContext, ContextCallback callback, Object state, Boolean preserveSyncCtx)
   at System.Threading.ExecutionContext.Run(ExecutionContext executionContext, ContextCallback callback, Object state)
   at System.Net.TlsStream.ProcessAuthentication(LazyAsyncResult result)
   at System.Net.TlsStream.Write(Byte[] buffer, Int32 offset, Int32 size)
   at System.Net.PooledStream.Write(Byte[] buffer, Int32 offset, Int32 size)
   at System.Net.Mail.SmtpConnection.Flush()
   at System.Net.Mail.ReadLinesCommand.Send(SmtpConnection conn)
   at System.Net.Mail.EHelloCommand.Send(SmtpConnection conn, String domain)
   at System.Net.Mail.SmtpConnection.GetConnection(ServicePoint servicePoint)
   at System.Net.Mail.SmtpTransport.GetConnection(ServicePoint servicePoint)
   at System.Net.Mail.SmtpClient.GetConnection()
   at System.Net.Mail.SmtpClient.Send(MailMessage message)
   at BuildInspect.Models.Utility.AppSettings.sendEmail(String subject, String body, String toEmailAddress, String ccEmailAddress, String attachments, Int32 companyid) in F:\Proj-Pandees\EBI\BuildInspect_UAT\BuildInspect\Models\Utility\AppSettings.cs:line 140
2019-09-28 10:34:44.4961|DEBUG|BuildInspect.Controllers.PdfCreationController|Mail Reminder error from Scheduler:
2019-09-28 10:34:44.4961|DEBUG|BuildInspect.Controllers.PdfCreationController|The remote certificate is invalid according to the validation procedure.
2019-09-28 10:34:44.4961|DEBUG|BuildInspect.Controllers.PdfCreationController|   at BuildInspect.Models.Utility.AppSettings.sendEmail(String subject, String body, String toEmailAddress, String ccEmailAddress, String attachments, Int32 companyid) in F:\Proj-Pandees\EBI\BuildInspect_UAT\BuildInspect\Models\Utility\AppSettings.cs:line 149
   at BuildInspect.Controllers.PdfCreationController.SendMailReminder(Int32 id, String key, Int32 mailflag) in F:\Proj-Pandees\EBI\BuildInspect_UAT\BuildInspect\Controllers\PdfCreationController.cs:line 514
2019-09-28 10:35:38.8939|ERROR|BuildInspect.Models.Utility.AppSettings|Error occured in SendMail():
2019-09-28 10:35:38.8939|ERROR|BuildInspect.Models.Utility.AppSettings|The remote certificate is invalid according to the validation procedure.
2019-09-28 10:35:38.9095|ERROR|BuildInspect.Models.Utility.AppSettings|   at System.Net.Security.SslState.StartSendAuthResetSignal(ProtocolToken message, AsyncProtocolRequest asyncRequest, Exception exception)
   at System.Net.Security.SslState.CheckCompletionBeforeNextReceive(ProtocolToken message, AsyncProtocolRequest asyncRequest)
   at System.Net.Security.SslState.StartSendBlob(Byte[] incoming, Int32 count, AsyncProtocolRequest asyncRequest)
   at System.Net.Security.SslState.ProcessReceivedBlob(Byte[] buffer, Int32 count, AsyncProtocolRequest asyncRequest)
   at System.Net.Security.SslState.StartReadFrame(Byte[] buffer, Int32 readBytes, AsyncProtocolRequest asyncRequest)
   at System.Net.Security.SslState.StartReceiveBlob(Byte[] buffer, AsyncProtocolRequest asyncRequest)
   at System.Net.Security.SslState.CheckCompletionBeforeNextReceive(ProtocolToken message, AsyncProtocolRequest asyncRequest)
   at System.Net.Security.SslState.StartSendBlob(Byte[] incoming, Int32 count, AsyncProtocolRequest asyncRequest)
   at System.Net.Security.SslState.ProcessReceivedBlob(Byte[] buffer, Int32 count, AsyncProtocolRequest asyncRequest)
   at System.Net.Security.SslState.StartReadFrame(Byte[] buffer, Int32 readBytes, AsyncProtocolRequest asyncRequest)
   at System.Net.Security.SslState.StartReceiveBlob(Byte[] buffer, AsyncProtocolRequest asyncRequest)
   at System.Net.Security.SslState.CheckCompletionBeforeNextReceive(ProtocolToken message, AsyncProtocolRequest asyncRequest)
   at System.Net.Security.SslState.StartSendBlob(Byte[] incoming, Int32 count, AsyncProtocolRequest asyncRequest)
   at System.Net.Security.SslState.ProcessReceivedBlob(Byte[] buffer, Int32 count, AsyncProtocolRequest asyncRequest)
   at System.Net.Security.SslState.StartReadFrame(Byte[] buffer, Int32 readBytes, AsyncProtocolRequest asyncRequest)
   at System.Net.Security.SslState.StartReceiveBlob(Byte[] buffer, AsyncProtocolRequest asyncRequest)
   at System.Net.Security.SslState.CheckCompletionBeforeNextReceive(ProtocolToken message, AsyncProtocolRequest asyncRequest)
   at System.Net.Security.SslState.StartSendBlob(Byte[] incoming, Int32 count, AsyncProtocolRequest asyncRequest)
   at System.Net.Security.SslState.ForceAuthentication(Boolean receiveFirst, Byte[] buffer, AsyncProtocolRequest asyncRequest)
   at System.Net.Security.SslState.ProcessAuthentication(LazyAsyncResult lazyResult)
   at System.Net.TlsStream.CallProcessAuthentication(Object state)
   at System.Threading.ExecutionContext.RunInternal(ExecutionContext executionContext, ContextCallback callback, Object state, Boolean preserveSyncCtx)
   at System.Threading.ExecutionContext.Run(ExecutionContext executionContext, ContextCallback callback, Object state, Boolean preserveSyncCtx)
   at System.Threading.ExecutionContext.Run(ExecutionContext executionContext, ContextCallback callback, Object state)
   at System.Net.TlsStream.ProcessAuthentication(LazyAsyncResult result)
   at System.Net.TlsStream.Write(Byte[] buffer, Int32 offset, Int32 size)
   at System.Net.PooledStream.Write(Byte[] buffer, Int32 offset, Int32 size)
   at System.Net.Mail.SmtpConnection.Flush()
   at System.Net.Mail.ReadLinesCommand.Send(SmtpConnection conn)
   at System.Net.Mail.EHelloCommand.Send(SmtpConnection conn, String domain)
   at System.Net.Mail.SmtpConnection.GetConnection(ServicePoint servicePoint)
   at System.Net.Mail.SmtpTransport.GetConnection(ServicePoint servicePoint)
   at System.Net.Mail.SmtpClient.GetConnection()
   at System.Net.Mail.SmtpClient.Send(MailMessage message)
   at BuildInspect.Models.Utility.AppSettings.sendEmail(String subject, String body, String toEmailAddress, String ccEmailAddress, String attachments, Int32 companyid) in F:\Proj-Pandees\EBI\BuildInspect_UAT\BuildInspect\Models\Utility\AppSettings.cs:line 140
2019-09-28 10:35:50.6514|DEBUG|BuildInspect.Controllers.PdfCreationController|Mail Reminder error from Scheduler:
2019-09-28 10:35:50.6514|DEBUG|BuildInspect.Controllers.PdfCreationController|The remote certificate is invalid according to the validation procedure.
2019-09-28 10:35:50.6514|DEBUG|BuildInspect.Controllers.PdfCreationController|   at BuildInspect.Models.Utility.AppSettings.sendEmail(String subject, String body, String toEmailAddress, String ccEmailAddress, String attachments, Int32 companyid) in F:\Proj-Pandees\EBI\BuildInspect_UAT\BuildInspect\Models\Utility\AppSettings.cs:line 149
   at BuildInspect.Controllers.PdfCreationController.SendMailReminder(Int32 id, String key, Int32 mailflag) in F:\Proj-Pandees\EBI\BuildInspect_UAT\BuildInspect\Controllers\PdfCreationController.cs:line 514
2019-09-28 10:37:52.9517|ERROR|BuildInspect.Models.Utility.AppSettings|Error occured in SendMail():
2019-09-28 10:37:52.9517|ERROR|BuildInspect.Models.Utility.AppSettings|The remote certificate is invalid according to the validation procedure.
2019-09-28 10:37:52.9673|ERROR|BuildInspect.Models.Utility.AppSettings|   at System.Net.Security.SslState.StartSendAuthResetSignal(ProtocolToken message, AsyncProtocolRequest asyncRequest, Exception exception)
   at System.Net.Security.SslState.CheckCompletionBeforeNextReceive(ProtocolToken message, AsyncProtocolRequest asyncRequest)
   at System.Net.Security.SslState.StartSendBlob(Byte[] incoming, Int32 count, AsyncProtocolRequest asyncRequest)
   at System.Net.Security.SslState.ProcessReceivedBlob(Byte[] buffer, Int32 count, AsyncProtocolRequest asyncRequest)
   at System.Net.Security.SslState.StartReadFrame(Byte[] buffer, Int32 readBytes, AsyncProtocolRequest asyncRequest)
   at System.Net.Security.SslState.StartReceiveBlob(Byte[] buffer, AsyncProtocolRequest asyncRequest)
   at System.Net.Security.SslState.CheckCompletionBeforeNextReceive(ProtocolToken message, AsyncProtocolRequest asyncRequest)
   at System.Net.Security.SslState.StartSendBlob(Byte[] incoming, Int32 count, AsyncProtocolRequest asyncRequest)
   at System.Net.Security.SslState.ProcessReceivedBlob(Byte[] buffer, Int32 count, AsyncProtocolRequest asyncRequest)
   at System.Net.Security.SslState.StartReadFrame(Byte[] buffer, Int32 readBytes, AsyncProtocolRequest asyncRequest)
   at System.Net.Security.SslState.StartReceiveBlob(Byte[] buffer, AsyncProtocolRequest asyncRequest)
   at System.Net.Security.SslState.CheckCompletionBeforeNextReceive(ProtocolToken message, AsyncProtocolRequest asyncRequest)
   at System.Net.Security.SslState.StartSendBlob(Byte[] incoming, Int32 count, AsyncProtocolRequest asyncRequest)
   at System.Net.Security.SslState.ProcessReceivedBlob(Byte[] buffer, Int32 count, AsyncProtocolRequest asyncRequest)
   at System.Net.Security.SslState.StartReadFrame(Byte[] buffer, Int32 readBytes, AsyncProtocolRequest asyncRequest)
   at System.Net.Security.SslState.StartReceiveBlob(Byte[] buffer, AsyncProtocolRequest asyncRequest)
   at System.Net.Security.SslState.CheckCompletionBeforeNextReceive(ProtocolToken message, AsyncProtocolRequest asyncRequest)
   at System.Net.Security.SslState.StartSendBlob(Byte[] incoming, Int32 count, AsyncProtocolRequest asyncRequest)
   at System.Net.Security.SslState.ForceAuthentication(Boolean receiveFirst, Byte[] buffer, AsyncProtocolRequest asyncRequest)
   at System.Net.Security.SslState.ProcessAuthentication(LazyAsyncResult lazyResult)
   at System.Net.TlsStream.CallProcessAuthentication(Object state)
   at System.Threading.ExecutionContext.RunInternal(ExecutionContext executionContext, ContextCallback callback, Object state, Boolean preserveSyncCtx)
   at System.Threading.ExecutionContext.Run(ExecutionContext executionContext, ContextCallback callback, Object state, Boolean preserveSyncCtx)
   at System.Threading.ExecutionContext.Run(ExecutionContext executionContext, ContextCallback callback, Object state)
   at System.Net.TlsStream.ProcessAuthentication(LazyAsyncResult result)
   at System.Net.TlsStream.Write(Byte[] buffer, Int32 offset, Int32 size)
   at System.Net.PooledStream.Write(Byte[] buffer, Int32 offset, Int32 size)
   at System.Net.Mail.SmtpConnection.Flush()
   at System.Net.Mail.ReadLinesCommand.Send(SmtpConnection conn)
   at System.Net.Mail.EHelloCommand.Send(SmtpConnection conn, String domain)
   at System.Net.Mail.SmtpConnection.GetConnection(ServicePoint servicePoint)
   at System.Net.Mail.SmtpTransport.GetConnection(ServicePoint servicePoint)
   at System.Net.Mail.SmtpClient.GetConnection()
   at System.Net.Mail.SmtpClient.Send(MailMessage message)
   at BuildInspect.Models.Utility.AppSettings.sendEmail(String subject, String body, String toEmailAddress, String ccEmailAddress, String attachments, Int32 companyid) in F:\Proj-Pandees\EBI\BuildInspect_UAT\BuildInspect\Models\Utility\AppSettings.cs:line 140
2019-09-28 10:37:54.4711|DEBUG|BuildInspect.Controllers.PdfCreationController|Mail Reminder error from Scheduler:
2019-09-28 10:37:54.4711|DEBUG|BuildInspect.Controllers.PdfCreationController|The remote certificate is invalid according to the validation procedure.
2019-09-28 10:37:54.4711|DEBUG|BuildInspect.Controllers.PdfCreationController|   at BuildInspect.Models.Utility.AppSettings.sendEmail(String subject, String body, String toEmailAddress, String ccEmailAddress, String attachments, Int32 companyid) in F:\Proj-Pandees\EBI\BuildInspect_UAT\BuildInspect\Models\Utility\AppSettings.cs:line 149
   at BuildInspect.Controllers.PdfCreationController.SendMailReminder(Int32 id, String key, Int32 mailflag) in F:\Proj-Pandees\EBI\BuildInspect_UAT\BuildInspect\Controllers\PdfCreationController.cs:line 514
2019-09-28 16:59:38.4060|ERROR|BuildInspect.MvcApplication|Error:
2019-09-28 16:59:38.4539|ERROR|BuildInspect.MvcApplication|The controller for path '/Error/CustomError' was not found or does not implement IController.
2019-09-28 16:59:38.4539|ERROR|BuildInspect.MvcApplication|   at System.Web.Mvc.DefaultControllerFactory.GetControllerInstance(RequestContext requestContext, Type controllerType)
   at System.Web.Mvc.DefaultControllerFactory.CreateController(RequestContext requestContext, String controllerName)
   at System.Web.Mvc.MvcHandler.ProcessRequestInit(HttpContextBase httpContext, IController& controller, IControllerFactory& factory)
   at System.Web.Mvc.MvcHandler.BeginProcessRequest(HttpContextBase httpContext, AsyncCallback callback, Object state)
   at System.Web.Mvc.MvcHandler.BeginProcessRequest(HttpContext httpContext, AsyncCallback callback, Object state)
   at System.Web.Mvc.MvcHandler.System.Web.IHttpAsyncHandler.BeginProcessRequest(HttpContext context, AsyncCallback cb, Object extraData)
   at System.Web.HttpApplication.CallHandlerExecutionStep.System.Web.HttpApplication.IExecutionStep.Execute()
   at System.Web.HttpApplication.ExecuteStepImpl(IExecutionStep step)
   at System.Web.HttpApplication.ExecuteStep(IExecutionStep step, Boolean& completedSynchronously)
