2020-10-23 13:00:24.0408|ERROR|BuildInspect.MvcApplication|Error:
2020-10-23 13:00:24.0888|ERROR|BuildInspect.MvcApplication|The controller for path '/Error/CustomError' was not found or does not implement IController.
2020-10-23 13:00:24.1249|ERROR|BuildInspect.MvcApplication|   at System.Web.Mvc.DefaultControllerFactory.GetControllerInstance(RequestContext requestContext, Type controllerType)
   at System.Web.Mvc.DefaultControllerFactory.CreateController(RequestContext requestContext, String controllerName)
   at System.Web.Mvc.MvcHandler.ProcessRequestInit(HttpContextBase httpContext, IController& controller, IControllerFactory& factory)
   at System.Web.Mvc.MvcHandler.BeginProcessRequest(HttpContextBase httpContext, AsyncCallback callback, Object state)
   at System.Web.Mvc.MvcHandler.BeginProcessRequest(HttpContext httpContext, AsyncCallback callback, Object state)
   at System.Web.Mvc.MvcHandler.System.Web.IHttpAsyncHandler.BeginProcessRequest(HttpContext context, AsyncCallback cb, Object extraData)
   at System.Web.HttpApplication.CallHandlerExecutionStep.System.Web.HttpApplication.IExecutionStep.Execute()
   at System.Web.HttpApplication.ExecuteStepImpl(IExecutionStep step)
   at System.Web.HttpApplication.ExecuteStep(IExecutionStep step, Boolean& completedSynchronously)
2020-10-23 13:00:25.3377|ERROR|BuildInspect.MvcApplication|Error:
2020-10-23 13:00:25.3377|ERROR|BuildInspect.MvcApplication|The controller for path '/Error/CustomError' was not found or does not implement IController.
2020-10-23 13:00:25.3377|ERROR|BuildInspect.MvcApplication|   at System.Web.Mvc.DefaultControllerFactory.GetControllerInstance(RequestContext requestContext, Type controllerType)
   at System.Web.Mvc.DefaultControllerFactory.CreateController(RequestContext requestContext, String controllerName)
   at System.Web.Mvc.MvcHandler.ProcessRequestInit(HttpContextBase httpContext, IController& controller, IControllerFactory& factory)
   at System.Web.Mvc.MvcHandler.BeginProcessRequest(HttpContextBase httpContext, AsyncCallback callback, Object state)
   at System.Web.Mvc.MvcHandler.BeginProcessRequest(HttpContext httpContext, AsyncCallback callback, Object state)
   at System.Web.Mvc.MvcHandler.System.Web.IHttpAsyncHandler.BeginProcessRequest(HttpContext context, AsyncCallback cb, Object extraData)
   at System.Web.HttpApplication.CallHandlerExecutionStep.System.Web.HttpApplication.IExecutionStep.Execute()
   at System.Web.HttpApplication.ExecuteStepImpl(IExecutionStep step)
   at System.Web.HttpApplication.ExecuteStep(IExecutionStep step, Boolean& completedSynchronously)
2020-10-23 13:00:26.6585|ERROR|BuildInspect.MvcApplication|Error:
2020-10-23 13:00:26.6585|ERROR|BuildInspect.MvcApplication|The controller for path '/Error/CustomError' was not found or does not implement IController.
2020-10-23 13:00:26.6585|ERROR|BuildInspect.MvcApplication|   at System.Web.Mvc.DefaultControllerFactory.GetControllerInstance(RequestContext requestContext, Type controllerType)
   at System.Web.Mvc.DefaultControllerFactory.CreateController(RequestContext requestContext, String controllerName)
   at System.Web.Mvc.MvcHandler.ProcessRequestInit(HttpContextBase httpContext, IController& controller, IControllerFactory& factory)
   at System.Web.Mvc.MvcHandler.BeginProcessRequest(HttpContextBase httpContext, AsyncCallback callback, Object state)
   at System.Web.Mvc.MvcHandler.BeginProcessRequest(HttpContext httpContext, AsyncCallback callback, Object state)
   at System.Web.Mvc.MvcHandler.System.Web.IHttpAsyncHandler.BeginProcessRequest(HttpContext context, AsyncCallback cb, Object extraData)
   at System.Web.HttpApplication.CallHandlerExecutionStep.System.Web.HttpApplication.IExecutionStep.Execute()
   at System.Web.HttpApplication.ExecuteStepImpl(IExecutionStep step)
   at System.Web.HttpApplication.ExecuteStep(IExecutionStep step, Boolean& completedSynchronously)
2020-10-23 14:26:26.5363|ERROR|BuildInspect.MvcApplication|Error:
2020-10-23 14:26:26.5573|ERROR|BuildInspect.MvcApplication|The view 'QCInspectionReDoDone' or its master was not found or no view engine supports the searched locations. The following locations were searched:
~/Views/QCInspection/QCInspectionReDoDone.aspx
~/Views/QCInspection/QCInspectionReDoDone.ascx
~/Views/Shared/QCInspectionReDoDone.aspx
~/Views/Shared/QCInspectionReDoDone.ascx
~/Views/QCInspection/QCInspectionReDoDone.cshtml
~/Views/QCInspection/QCInspectionReDoDone.vbhtml
~/Views/Shared/QCInspectionReDoDone.cshtml
~/Views/Shared/QCInspectionReDoDone.vbhtml
2020-10-23 14:26:26.5573|ERROR|BuildInspect.MvcApplication|   at System.Web.Mvc.ViewResult.FindView(ControllerContext context)
   at System.Web.Mvc.ViewResultBase.ExecuteResult(ControllerContext context)
   at System.Web.Mvc.ControllerActionInvoker.InvokeActionResult(ControllerContext controllerContext, ActionResult actionResult)
   at System.Web.Mvc.ControllerActionInvoker.InvokeActionResultFilterRecursive(IList`1 filters, Int32 filterIndex, ResultExecutingContext preContext, ControllerContext controllerContext, ActionResult actionResult)
   at System.Web.Mvc.ControllerActionInvoker.InvokeActionResultFilterRecursive(IList`1 filters, Int32 filterIndex, ResultExecutingContext preContext, ControllerContext controllerContext, ActionResult actionResult)
   at System.Web.Mvc.ControllerActionInvoker.InvokeActionResultWithFilters(ControllerContext controllerContext, IList`1 filters, ActionResult actionResult)
   at System.Web.Mvc.Async.AsyncControllerActionInvoker.<>c__DisplayClass21.<>c__DisplayClass2b.<BeginInvokeAction>b__1c()
   at System.Web.Mvc.Async.AsyncControllerActionInvoker.<>c__DisplayClass21.<BeginInvokeAction>b__1e(IAsyncResult asyncResult)
   at System.Web.Mvc.Async.AsyncResultWrapper.WrappedAsyncResult`1.CallEndDelegate(IAsyncResult asyncResult)
   at System.Web.Mvc.Async.AsyncResultWrapper.WrappedAsyncResultBase`1.End()
   at System.Web.Mvc.Async.AsyncControllerActionInvoker.EndInvokeAction(IAsyncResult asyncResult)
   at System.Web.Mvc.Controller.<BeginExecuteCore>b__1d(IAsyncResult asyncResult, ExecuteCoreState innerState)
   at System.Web.Mvc.Async.AsyncResultWrapper.WrappedAsyncVoid`1.CallEndDelegate(IAsyncResult asyncResult)
   at System.Web.Mvc.Async.AsyncResultWrapper.WrappedAsyncResultBase`1.End()
   at System.Web.Mvc.Controller.EndExecuteCore(IAsyncResult asyncResult)
   at System.Web.Mvc.Controller.<BeginExecute>b__15(IAsyncResult asyncResult, Controller controller)
   at System.Web.Mvc.Async.AsyncResultWrapper.WrappedAsyncVoid`1.CallEndDelegate(IAsyncResult asyncResult)
   at System.Web.Mvc.Async.AsyncResultWrapper.WrappedAsyncResultBase`1.End()
   at System.Web.Mvc.Controller.EndExecute(IAsyncResult asyncResult)
   at System.Web.Mvc.Controller.System.Web.Mvc.Async.IAsyncController.EndExecute(IAsyncResult asyncResult)
   at System.Web.Mvc.MvcHandler.<BeginProcessRequest>b__5(IAsyncResult asyncResult, ProcessRequestState innerState)
   at System.Web.Mvc.Async.AsyncResultWrapper.WrappedAsyncVoid`1.CallEndDelegate(IAsyncResult asyncResult)
   at System.Web.Mvc.Async.AsyncResultWrapper.WrappedAsyncResultBase`1.End()
   at System.Web.Mvc.MvcHandler.EndProcessRequest(IAsyncResult asyncResult)
   at System.Web.Mvc.MvcHandler.System.Web.IHttpAsyncHandler.EndProcessRequest(IAsyncResult result)
   at System.Web.HttpApplication.CallHandlerExecutionStep.System.Web.HttpApplication.IExecutionStep.Execute()
   at System.Web.HttpApplication.ExecuteStepImpl(IExecutionStep step)
   at System.Web.HttpApplication.ExecuteStep(IExecutionStep step, Boolean& completedSynchronously)
2020-10-23 14:26:39.1234|ERROR|BuildInspect.MvcApplication|Error:
2020-10-23 14:26:39.1234|ERROR|BuildInspect.MvcApplication|The controller for path '/Error/CustomError' was not found or does not implement IController.
2020-10-23 14:26:39.1234|ERROR|BuildInspect.MvcApplication|   at System.Web.Mvc.DefaultControllerFactory.GetControllerInstance(RequestContext requestContext, Type controllerType)
   at System.Web.Mvc.DefaultControllerFactory.CreateController(RequestContext requestContext, String controllerName)
   at System.Web.Mvc.MvcHandler.ProcessRequestInit(HttpContextBase httpContext, IController& controller, IControllerFactory& factory)
   at System.Web.Mvc.MvcHandler.BeginProcessRequest(HttpContextBase httpContext, AsyncCallback callback, Object state)
   at System.Web.Mvc.MvcHandler.BeginProcessRequest(HttpContext httpContext, AsyncCallback callback, Object state)
   at System.Web.Mvc.MvcHandler.System.Web.IHttpAsyncHandler.BeginProcessRequest(HttpContext context, AsyncCallback cb, Object extraData)
   at System.Web.HttpApplication.CallHandlerExecutionStep.System.Web.HttpApplication.IExecutionStep.Execute()
   at System.Web.HttpApplication.ExecuteStepImpl(IExecutionStep step)
   at System.Web.HttpApplication.ExecuteStep(IExecutionStep step, Boolean& completedSynchronously)
2020-10-23 14:30:00.6356|ERROR|BuildInspect.MvcApplication|Error:
2020-10-23 14:30:00.6356|ERROR|BuildInspect.MvcApplication|The view 'QCInspectionReDoDone' or its master was not found or no view engine supports the searched locations. The following locations were searched:
~/Views/QCInspection/QCInspectionReDoDone.aspx
~/Views/QCInspection/QCInspectionReDoDone.ascx
~/Views/Shared/QCInspectionReDoDone.aspx
~/Views/Shared/QCInspectionReDoDone.ascx
~/Views/QCInspection/QCInspectionReDoDone.cshtml
~/Views/QCInspection/QCInspectionReDoDone.vbhtml
~/Views/Shared/QCInspectionReDoDone.cshtml
~/Views/Shared/QCInspectionReDoDone.vbhtml
2020-10-23 14:30:00.6356|ERROR|BuildInspect.MvcApplication|   at System.Web.Mvc.ViewResult.FindView(ControllerContext context)
   at System.Web.Mvc.ViewResultBase.ExecuteResult(ControllerContext context)
   at System.Web.Mvc.ControllerActionInvoker.InvokeActionResult(ControllerContext controllerContext, ActionResult actionResult)
   at System.Web.Mvc.ControllerActionInvoker.InvokeActionResultFilterRecursive(IList`1 filters, Int32 filterIndex, ResultExecutingContext preContext, ControllerContext controllerContext, ActionResult actionResult)
   at System.Web.Mvc.ControllerActionInvoker.InvokeActionResultFilterRecursive(IList`1 filters, Int32 filterIndex, ResultExecutingContext preContext, ControllerContext controllerContext, ActionResult actionResult)
   at System.Web.Mvc.ControllerActionInvoker.InvokeActionResultWithFilters(ControllerContext controllerContext, IList`1 filters, ActionResult actionResult)
   at System.Web.Mvc.Async.AsyncControllerActionInvoker.<>c__DisplayClass21.<>c__DisplayClass2b.<BeginInvokeAction>b__1c()
   at System.Web.Mvc.Async.AsyncControllerActionInvoker.<>c__DisplayClass21.<BeginInvokeAction>b__1e(IAsyncResult asyncResult)
   at System.Web.Mvc.Async.AsyncResultWrapper.WrappedAsyncResult`1.CallEndDelegate(IAsyncResult asyncResult)
   at System.Web.Mvc.Async.AsyncResultWrapper.WrappedAsyncResultBase`1.End()
   at System.Web.Mvc.Async.AsyncControllerActionInvoker.EndInvokeAction(IAsyncResult asyncResult)
   at System.Web.Mvc.Controller.<BeginExecuteCore>b__1d(IAsyncResult asyncResult, ExecuteCoreState innerState)
   at System.Web.Mvc.Async.AsyncResultWrapper.WrappedAsyncVoid`1.CallEndDelegate(IAsyncResult asyncResult)
   at System.Web.Mvc.Async.AsyncResultWrapper.WrappedAsyncResultBase`1.End()
   at System.Web.Mvc.Controller.EndExecuteCore(IAsyncResult asyncResult)
   at System.Web.Mvc.Controller.<BeginExecute>b__15(IAsyncResult asyncResult, Controller controller)
   at System.Web.Mvc.Async.AsyncResultWrapper.WrappedAsyncVoid`1.CallEndDelegate(IAsyncResult asyncResult)
   at System.Web.Mvc.Async.AsyncResultWrapper.WrappedAsyncResultBase`1.End()
   at System.Web.Mvc.Controller.EndExecute(IAsyncResult asyncResult)
   at System.Web.Mvc.Controller.System.Web.Mvc.Async.IAsyncController.EndExecute(IAsyncResult asyncResult)
   at System.Web.Mvc.MvcHandler.<BeginProcessRequest>b__5(IAsyncResult asyncResult, ProcessRequestState innerState)
   at System.Web.Mvc.Async.AsyncResultWrapper.WrappedAsyncVoid`1.CallEndDelegate(IAsyncResult asyncResult)
   at System.Web.Mvc.Async.AsyncResultWrapper.WrappedAsyncResultBase`1.End()
   at System.Web.Mvc.MvcHandler.EndProcessRequest(IAsyncResult asyncResult)
   at System.Web.Mvc.MvcHandler.System.Web.IHttpAsyncHandler.EndProcessRequest(IAsyncResult result)
   at System.Web.HttpApplication.CallHandlerExecutionStep.System.Web.HttpApplication.IExecutionStep.Execute()
   at System.Web.HttpApplication.ExecuteStepImpl(IExecutionStep step)
   at System.Web.HttpApplication.ExecuteStep(IExecutionStep step, Boolean& completedSynchronously)
2020-10-23 19:46:33.8481|DEBUG|BuildInspect.Models.Repository.Interface.UserRepository|ValidateLoginWeb:
2020-10-23 19:46:33.8982|ERROR|BuildInspect.Models.Repository.Interface.UserRepository|Unable to load the specified metadata resource.
2020-10-23 19:46:33.9753|ERROR|BuildInspect.Models.Repository.Interface.UserRepository|   at System.Data.Entity.Core.Metadata.Edm.MetadataArtifactLoaderCompositeResource.LoadResources(String assemblyName, String resourceName, ICollection`1 uriRegistry, MetadataArtifactAssemblyResolver resolver)
   at System.Data.Entity.Core.Metadata.Edm.MetadataArtifactLoaderCompositeResource.CreateResourceLoader(String path, ExtensionCheck extensionCheck, String validExtension, ICollection`1 uriRegistry, MetadataArtifactAssemblyResolver resolver)
   at System.Data.Entity.Core.Metadata.Edm.MetadataArtifactLoader.Create(String path, ExtensionCheck extensionCheck, String validExtension, ICollection`1 uriRegistry, MetadataArtifactAssemblyResolver resolver)
   at System.Data.Entity.Core.Metadata.Edm.MetadataCache.SplitPaths(String paths)
   at System.Data.Entity.Core.Common.Utils.Memoizer`2.<>c__DisplayClass2.<Evaluate>b__0()
   at System.Data.Entity.Core.Common.Utils.Memoizer`2.Result.GetValue()
   at System.Data.Entity.Core.Common.Utils.Memoizer`2.Evaluate(TArg arg)
   at System.Data.Entity.Core.Metadata.Edm.MetadataCache.GetArtifactLoader(DbConnectionOptions effectiveConnectionOptions)
   at System.Data.Entity.Core.Metadata.Edm.MetadataCache.GetMetadataWorkspace(DbConnectionOptions effectiveConnectionOptions)
   at System.Data.Entity.Core.EntityClient.EntityConnection.GetMetadataWorkspace()
   at System.Data.Entity.Core.Objects.ObjectContext.RetrieveMetadataWorkspaceFromConnection()
   at System.Data.Entity.Core.Objects.ObjectContext..ctor(EntityConnection connection, Boolean isConnectionConstructor, ObjectQueryExecutionPlanFactory objectQueryExecutionPlanFactory, Translator translator, ColumnMapFactory columnMapFactory)
   at System.Data.Entity.Internal.InternalConnection.CreateObjectContextFromConnectionModel()
   at System.Data.Entity.Internal.LazyInternalConnection.CreateObjectContextFromConnectionModel()
   at System.Data.Entity.Internal.LazyInternalContext.InitializeContext()
   at System.Data.Entity.Internal.InternalContext.GetEntitySetAndBaseTypeForType(Type entityType)
   at System.Data.Entity.Internal.Linq.InternalSet`1.Initialize()
   at System.Data.Entity.Internal.Linq.InternalSet`1.get_InternalContext()
   at System.Data.Entity.Infrastructure.DbQuery`1.System.Linq.IQueryable.get_Provider()
   at System.Linq.Queryable.Where[TSource](IQueryable`1 source, Expression`1 predicate)
   at BuildInspect.Models.Repository.Interface.UserRepository.ValidateUserLoginWeb(String username, String password) in E:\Rapid Systemz\BuildQAS_NewDesign\BuildQAS\Models\Repository\Imp\UserRepository.cs:line 60
2020-10-23 19:46:33.9753|INFO|BuildInspect.Models.Repository.Interface.UserRepository|SUP01:eRz0byRr6i047xXa8o+ejA==;
