2020-09-08 21:17:57.8063|ERROR|BuildInspect.MvcApplication|Error:
2020-09-08 21:17:57.8414|ERROR|BuildInspect.MvcApplication|The provided anti-forgery token was meant for user "", but the current user is "mkv022".
2020-09-08 21:17:57.8464|ERROR|BuildInspect.MvcApplication|   at System.Web.Helpers.AntiXsrf.TokenValidator.ValidateTokens(HttpContextBase httpContext, IIdentity identity, AntiForgeryToken sessionToken, AntiForgeryToken fieldToken)
   at System.Web.Helpers.AntiXsrf.AntiForgeryWorker.Validate(HttpContextBase httpContext)
   at System.Web.Helpers.AntiForgery.Validate()
   at System.Web.Mvc.ValidateAntiForgeryTokenAttribute.OnAuthorization(AuthorizationContext filterContext)
   at System.Web.Mvc.ControllerActionInvoker.InvokeAuthorizationFilters(ControllerContext controllerContext, IList`1 filters, ActionDescriptor actionDescriptor)
   at System.Web.Mvc.Async.AsyncControllerActionInvoker.<>c__DisplayClass21.<BeginInvokeAction>b__19(AsyncCallback asyncCallback, Object asyncState)
   at System.Web.Mvc.Async.AsyncResultWrapper.WrappedAsyncResult`1.CallBeginDelegate(AsyncCallback callback, Object callbackState)
   at System.Web.Mvc.Async.AsyncResultWrapper.WrappedAsyncResultBase`1.Begin(AsyncCallback callback, Object state, Int32 timeout)
   at System.Web.Mvc.Async.AsyncControllerActionInvoker.BeginInvokeAction(ControllerContext controllerContext, String actionName, AsyncCallback callback, Object state)
   at System.Web.Mvc.Controller.<BeginExecuteCore>b__1c(AsyncCallback asyncCallback, Object asyncState, ExecuteCoreState innerState)
   at System.Web.Mvc.Async.AsyncResultWrapper.WrappedAsyncVoid`1.CallBeginDelegate(AsyncCallback callback, Object callbackState)
   at System.Web.Mvc.Async.AsyncResultWrapper.WrappedAsyncResultBase`1.Begin(AsyncCallback callback, Object state, Int32 timeout)
   at System.Web.Mvc.Controller.BeginExecuteCore(AsyncCallback callback, Object state)
   at System.Web.Mvc.Controller.<BeginExecute>b__14(AsyncCallback asyncCallback, Object callbackState, Controller controller)
   at System.Web.Mvc.Async.AsyncResultWrapper.WrappedAsyncVoid`1.CallBeginDelegate(AsyncCallback callback, Object callbackState)
   at System.Web.Mvc.Async.AsyncResultWrapper.WrappedAsyncResultBase`1.Begin(AsyncCallback callback, Object state, Int32 timeout)
   at System.Web.Mvc.Controller.BeginExecute(RequestContext requestContext, AsyncCallback callback, Object state)
   at System.Web.Mvc.Controller.System.Web.Mvc.Async.IAsyncController.BeginExecute(RequestContext requestContext, AsyncCallback callback, Object state)
   at System.Web.Mvc.MvcHandler.<BeginProcessRequest>b__4(AsyncCallback asyncCallback, Object asyncState, ProcessRequestState innerState)
   at System.Web.Mvc.Async.AsyncResultWrapper.WrappedAsyncVoid`1.CallBeginDelegate(AsyncCallback callback, Object callbackState)
   at System.Web.Mvc.Async.AsyncResultWrapper.WrappedAsyncResultBase`1.Begin(AsyncCallback callback, Object state, Int32 timeout)
   at System.Web.Mvc.MvcHandler.BeginProcessRequest(HttpContextBase httpContext, AsyncCallback callback, Object state)
   at System.Web.Mvc.MvcHandler.BeginProcessRequest(HttpContext httpContext, AsyncCallback callback, Object state)
   at System.Web.Mvc.MvcHandler.System.Web.IHttpAsyncHandler.BeginProcessRequest(HttpContext context, AsyncCallback cb, Object extraData)
   at System.Web.HttpApplication.CallHandlerExecutionStep.System.Web.HttpApplication.IExecutionStep.Execute()
   at System.Web.HttpApplication.ExecuteStepImpl(IExecutionStep step)
   at System.Web.HttpApplication.ExecuteStep(IExecutionStep step, Boolean& completedSynchronously)
2020-09-08 21:29:21.5045|ERROR|BuildInspect.MvcApplication|Error:
2020-09-08 21:29:21.5045|ERROR|BuildInspect.MvcApplication|The controller for path '/Error/CustomError' was not found or does not implement IController.
2020-09-08 21:29:21.5045|ERROR|BuildInspect.MvcApplication|   at System.Web.Mvc.DefaultControllerFactory.GetControllerInstance(RequestContext requestContext, Type controllerType)
   at System.Web.Mvc.DefaultControllerFactory.CreateController(RequestContext requestContext, String controllerName)
   at System.Web.Mvc.MvcHandler.ProcessRequestInit(HttpContextBase httpContext, IController& controller, IControllerFactory& factory)
   at System.Web.Mvc.MvcHandler.BeginProcessRequest(HttpContextBase httpContext, AsyncCallback callback, Object state)
   at System.Web.Mvc.MvcHandler.BeginProcessRequest(HttpContext httpContext, AsyncCallback callback, Object state)
   at System.Web.Mvc.MvcHandler.System.Web.IHttpAsyncHandler.BeginProcessRequest(HttpContext context, AsyncCallback cb, Object extraData)
   at System.Web.HttpApplication.CallHandlerExecutionStep.System.Web.HttpApplication.IExecutionStep.Execute()
   at System.Web.HttpApplication.ExecuteStepImpl(IExecutionStep step)
   at System.Web.HttpApplication.ExecuteStep(IExecutionStep step, Boolean& completedSynchronously)
2020-09-08 21:30:22.2660|ERROR|BuildInspect.MvcApplication|Error:
2020-09-08 21:30:22.2670|ERROR|BuildInspect.MvcApplication|The controller for path '/Error/CustomError' was not found or does not implement IController.
2020-09-08 21:30:22.2670|ERROR|BuildInspect.MvcApplication|   at System.Web.Mvc.DefaultControllerFactory.GetControllerInstance(RequestContext requestContext, Type controllerType)
   at System.Web.Mvc.DefaultControllerFactory.CreateController(RequestContext requestContext, String controllerName)
   at System.Web.Mvc.MvcHandler.ProcessRequestInit(HttpContextBase httpContext, IController& controller, IControllerFactory& factory)
   at System.Web.Mvc.MvcHandler.BeginProcessRequest(HttpContextBase httpContext, AsyncCallback callback, Object state)
   at System.Web.Mvc.MvcHandler.BeginProcessRequest(HttpContext httpContext, AsyncCallback callback, Object state)
   at System.Web.Mvc.MvcHandler.System.Web.IHttpAsyncHandler.BeginProcessRequest(HttpContext context, AsyncCallback cb, Object extraData)
   at System.Web.HttpApplication.CallHandlerExecutionStep.System.Web.HttpApplication.IExecutionStep.Execute()
   at System.Web.HttpApplication.ExecuteStepImpl(IExecutionStep step)
   at System.Web.HttpApplication.ExecuteStep(IExecutionStep step, Boolean& completedSynchronously)
2020-09-08 21:30:57.1201|ERROR|BuildInspect.MvcApplication|Error:
2020-09-08 21:30:57.1201|ERROR|BuildInspect.MvcApplication|The controller for path '/Error/CustomError' was not found or does not implement IController.
2020-09-08 21:30:57.1201|ERROR|BuildInspect.MvcApplication|   at System.Web.Mvc.DefaultControllerFactory.GetControllerInstance(RequestContext requestContext, Type controllerType)
   at System.Web.Mvc.DefaultControllerFactory.CreateController(RequestContext requestContext, String controllerName)
   at System.Web.Mvc.MvcHandler.ProcessRequestInit(HttpContextBase httpContext, IController& controller, IControllerFactory& factory)
   at System.Web.Mvc.MvcHandler.BeginProcessRequest(HttpContextBase httpContext, AsyncCallback callback, Object state)
   at System.Web.Mvc.MvcHandler.BeginProcessRequest(HttpContext httpContext, AsyncCallback callback, Object state)
   at System.Web.Mvc.MvcHandler.System.Web.IHttpAsyncHandler.BeginProcessRequest(HttpContext context, AsyncCallback cb, Object extraData)
   at System.Web.HttpApplication.CallHandlerExecutionStep.System.Web.HttpApplication.IExecutionStep.Execute()
   at System.Web.HttpApplication.ExecuteStepImpl(IExecutionStep step)
   at System.Web.HttpApplication.ExecuteStep(IExecutionStep step, Boolean& completedSynchronously)
2020-09-08 21:37:15.0582|ERROR|BuildInspect.MvcApplication|Error:
2020-09-08 21:37:15.0812|ERROR|BuildInspect.MvcApplication|Object reference not set to an instance of an object.
2020-09-08 21:37:15.0812|ERROR|BuildInspect.MvcApplication|   at BuildInspect.Controllers.HomeController.Index() in E:\Rapid Systemz\BuildQAS\BuildQAS_UAT\BuildInspect\Controllers\HomeController.cs:line 156
   at lambda_method(Closure , ControllerBase , Object[] )
   at System.Web.Mvc.ActionMethodDispatcher.Execute(ControllerBase controller, Object[] parameters)
   at System.Web.Mvc.ReflectedActionDescriptor.Execute(ControllerContext controllerContext, IDictionary`2 parameters)
   at System.Web.Mvc.ControllerActionInvoker.InvokeActionMethod(ControllerContext controllerContext, ActionDescriptor actionDescriptor, IDictionary`2 parameters)
   at System.Web.Mvc.Async.AsyncControllerActionInvoker.<BeginInvokeSynchronousActionMethod>b__39(IAsyncResult asyncResult, ActionInvocation innerInvokeState)
   at System.Web.Mvc.Async.AsyncResultWrapper.WrappedAsyncResult`2.CallEndDelegate(IAsyncResult asyncResult)
   at System.Web.Mvc.Async.AsyncResultWrapper.WrappedAsyncResultBase`1.End()
   at System.Web.Mvc.Async.AsyncControllerActionInvoker.EndInvokeActionMethod(IAsyncResult asyncResult)
   at System.Web.Mvc.Async.AsyncControllerActionInvoker.AsyncInvocationWithFilters.<InvokeActionMethodFilterAsynchronouslyRecursive>b__3d()
   at System.Web.Mvc.Async.AsyncControllerActionInvoker.AsyncInvocationWithFilters.<>c__DisplayClass46.<InvokeActionMethodFilterAsynchronouslyRecursive>b__3f()
   at System.Web.Mvc.Async.AsyncControllerActionInvoker.<>c__DisplayClass33.<BeginInvokeActionMethodWithFilters>b__32(IAsyncResult asyncResult)
   at System.Web.Mvc.Async.AsyncResultWrapper.WrappedAsyncResult`1.CallEndDelegate(IAsyncResult asyncResult)
   at System.Web.Mvc.Async.AsyncResultWrapper.WrappedAsyncResultBase`1.End()
   at System.Web.Mvc.Async.AsyncControllerActionInvoker.EndInvokeActionMethodWithFilters(IAsyncResult asyncResult)
   at System.Web.Mvc.Async.AsyncControllerActionInvoker.<>c__DisplayClass21.<>c__DisplayClass2b.<BeginInvokeAction>b__1c()
   at System.Web.Mvc.Async.AsyncControllerActionInvoker.<>c__DisplayClass21.<BeginInvokeAction>b__1e(IAsyncResult asyncResult)
   at System.Web.Mvc.Async.AsyncResultWrapper.WrappedAsyncResult`1.CallEndDelegate(IAsyncResult asyncResult)
   at System.Web.Mvc.Async.AsyncResultWrapper.WrappedAsyncResultBase`1.End()
   at System.Web.Mvc.Async.AsyncControllerActionInvoker.EndInvokeAction(IAsyncResult asyncResult)
   at System.Web.Mvc.Controller.<BeginExecuteCore>b__1d(IAsyncResult asyncResult, ExecuteCoreState innerState)
   at System.Web.Mvc.Async.AsyncResultWrapper.WrappedAsyncVoid`1.CallEndDelegate(IAsyncResult asyncResult)
   at System.Web.Mvc.Async.AsyncResultWrapper.WrappedAsyncResultBase`1.End()
   at System.Web.Mvc.Controller.EndExecuteCore(IAsyncResult asyncResult)
   at System.Web.Mvc.Controller.<BeginExecute>b__15(IAsyncResult asyncResult, Controller controller)
   at System.Web.Mvc.Async.AsyncResultWrapper.WrappedAsyncVoid`1.CallEndDelegate(IAsyncResult asyncResult)
   at System.Web.Mvc.Async.AsyncResultWrapper.WrappedAsyncResultBase`1.End()
   at System.Web.Mvc.Controller.EndExecute(IAsyncResult asyncResult)
   at System.Web.Mvc.Controller.System.Web.Mvc.Async.IAsyncController.EndExecute(IAsyncResult asyncResult)
   at System.Web.Mvc.MvcHandler.<BeginProcessRequest>b__5(IAsyncResult asyncResult, ProcessRequestState innerState)
   at System.Web.Mvc.Async.AsyncResultWrapper.WrappedAsyncVoid`1.CallEndDelegate(IAsyncResult asyncResult)
   at System.Web.Mvc.Async.AsyncResultWrapper.WrappedAsyncResultBase`1.End()
   at System.Web.Mvc.MvcHandler.EndProcessRequest(IAsyncResult asyncResult)
   at System.Web.Mvc.MvcHandler.System.Web.IHttpAsyncHandler.EndProcessRequest(IAsyncResult result)
   at System.Web.HttpApplication.CallHandlerExecutionStep.System.Web.HttpApplication.IExecutionStep.Execute()
   at System.Web.HttpApplication.ExecuteStepImpl(IExecutionStep step)
   at System.Web.HttpApplication.ExecuteStep(IExecutionStep step, Boolean& completedSynchronously)
2020-09-08 21:41:19.4045|DEBUG|BuildInspect.Models.Repository.Interface.AssessmentRepository|Assessment External Wall Signature:
2020-09-08 21:41:19.4045|ERROR|BuildInspect.Models.Repository.Interface.AssessmentRepository|Attaching an entity of type 'BuildInspect.Models.Domain.company_master' failed because another entity of the same type already has the same primary key value. This can happen when using the 'Attach' method or setting the state of an entity to 'Unchanged' or 'Modified' if any entities in the graph have conflicting key values. This may be because some entities are new and have not yet received database-generated key values. In this case use the 'Add' method or the 'Added' entity state to track the graph and then set the state of non-new entities to 'Unchanged' or 'Modified' as appropriate.
2020-09-08 21:41:19.4315|ERROR|BuildInspect.Models.Repository.Interface.AssessmentRepository|   at System.Data.Entity.Core.Objects.ObjectContext.AttachSingleObject(IEntityWrapper wrappedEntity, EntitySet entitySet)
   at System.Data.Entity.Core.Objects.DataClasses.RelatedEnd.AddEntityToObjectStateManager(IEntityWrapper wrappedEntity, Boolean doAttach)
   at System.Data.Entity.Core.Objects.DataClasses.EntityReference.AddEntityToObjectStateManager(IEntityWrapper wrappedEntity, Boolean doAttach)
   at System.Data.Entity.Core.Objects.DataClasses.RelatedEnd.AddGraphToObjectStateManager(IEntityWrapper wrappedEntity, Boolean relationshipAlreadyExists, Boolean addRelationshipAsUnchanged, Boolean doAttach)
   at System.Data.Entity.Core.Objects.DataClasses.RelatedEnd.IncludeEntity(IEntityWrapper wrappedEntity, Boolean addRelationshipAsUnchanged, Boolean doAttach)
   at System.Data.Entity.Core.Objects.DataClasses.EntityReference`1.Include(Boolean addRelationshipAsUnchanged, Boolean doAttach)
   at System.Data.Entity.Core.Objects.DataClasses.RelatedEnd.WalkObjectGraphToIncludeAllRelatedEntities(IEntityWrapper wrappedEntity, Boolean addRelationshipAsUnchanged, Boolean doAttach)
   at System.Data.Entity.Core.Objects.DataClasses.RelatedEnd.AddGraphToObjectStateManager(IEntityWrapper wrappedEntity, Boolean relationshipAlreadyExists, Boolean addRelationshipAsUnchanged, Boolean doAttach)
   at System.Data.Entity.Core.Objects.DataClasses.RelatedEnd.IncludeEntity(IEntityWrapper wrappedEntity, Boolean addRelationshipAsUnchanged, Boolean doAttach)
   at System.Data.Entity.Core.Objects.DataClasses.EntityReference`1.Include(Boolean addRelationshipAsUnchanged, Boolean doAttach)
   at System.Data.Entity.Core.Objects.DataClasses.RelatedEnd.WalkObjectGraphToIncludeAllRelatedEntities(IEntityWrapper wrappedEntity, Boolean addRelationshipAsUnchanged, Boolean doAttach)
   at System.Data.Entity.Core.Objects.DataClasses.RelatedEnd.AddGraphToObjectStateManager(IEntityWrapper wrappedEntity, Boolean relationshipAlreadyExists, Boolean addRelationshipAsUnchanged, Boolean doAttach)
   at System.Data.Entity.Core.Objects.DataClasses.RelatedEnd.IncludeEntity(IEntityWrapper wrappedEntity, Boolean addRelationshipAsUnchanged, Boolean doAttach)
   at System.Data.Entity.Core.Objects.DataClasses.EntityCollection`1.Include(Boolean addRelationshipAsUnchanged, Boolean doAttach)
   at System.Data.Entity.Core.Objects.DataClasses.RelatedEnd.WalkObjectGraphToIncludeAllRelatedEntities(IEntityWrapper wrappedEntity, Boolean addRelationshipAsUnchanged, Boolean doAttach)
   at System.Data.Entity.Core.Objects.DataClasses.RelatedEnd.AddGraphToObjectStateManager(IEntityWrapper wrappedEntity, Boolean relationshipAlreadyExists, Boolean addRelationshipAsUnchanged, Boolean doAttach)
   at System.Data.Entity.Core.Objects.DataClasses.RelatedEnd.IncludeEntity(IEntityWrapper wrappedEntity, Boolean addRelationshipAsUnchanged, Boolean doAttach)
   at System.Data.Entity.Core.Objects.DataClasses.EntityReference`1.Include(Boolean addRelationshipAsUnchanged, Boolean doAttach)
   at System.Data.Entity.Core.Objects.DataClasses.RelationshipManager.AddRelatedEntitiesToObjectStateManager(Boolean doAttach)
   at System.Data.Entity.Core.Objects.ObjectContext.AttachTo(String entitySetName, Object entity)
   at System.Data.Entity.Internal.Linq.InternalSet`1.<>c__DisplayClassa.<Attach>b__9()
   at System.Data.Entity.Internal.Linq.InternalSet`1.ActOnSet(Action action, EntityState newState, Object entity, String methodName)
   at System.Data.Entity.Internal.Linq.InternalSet`1.Attach(Object entity)
   at System.Data.Entity.Internal.InternalEntityEntry.set_State(EntityState value)
   at System.Data.Entity.Infrastructure.DbEntityEntry`1.set_State(EntityState value)
   at BuildInspect.Models.Repository.Interface.AssessmentRepository.SaveAssessmentExternalWallSignature(AssessmentExternalWallTransMasterViewModel masterViewModel) in E:\Rapid Systemz\BuildQAS\BuildQAS_UAT\BuildInspect\Models\Repository\Imp\AssessmentRepository.cs:line 519
2020-09-08 21:41:33.0855|DEBUG|BuildInspect.Models.Repository.Interface.AssessmentRepository|Assessment External Wall Signature:
2020-09-08 21:41:33.0855|ERROR|BuildInspect.Models.Repository.Interface.AssessmentRepository|Attaching an entity of type 'BuildInspect.Models.Domain.company_master' failed because another entity of the same type already has the same primary key value. This can happen when using the 'Attach' method or setting the state of an entity to 'Unchanged' or 'Modified' if any entities in the graph have conflicting key values. This may be because some entities are new and have not yet received database-generated key values. In this case use the 'Add' method or the 'Added' entity state to track the graph and then set the state of non-new entities to 'Unchanged' or 'Modified' as appropriate.
2020-09-08 21:41:33.0855|ERROR|BuildInspect.Models.Repository.Interface.AssessmentRepository|   at System.Data.Entity.Core.Objects.ObjectContext.AttachSingleObject(IEntityWrapper wrappedEntity, EntitySet entitySet)
   at System.Data.Entity.Core.Objects.DataClasses.RelatedEnd.AddEntityToObjectStateManager(IEntityWrapper wrappedEntity, Boolean doAttach)
   at System.Data.Entity.Core.Objects.DataClasses.EntityReference.AddEntityToObjectStateManager(IEntityWrapper wrappedEntity, Boolean doAttach)
   at System.Data.Entity.Core.Objects.DataClasses.RelatedEnd.AddGraphToObjectStateManager(IEntityWrapper wrappedEntity, Boolean relationshipAlreadyExists, Boolean addRelationshipAsUnchanged, Boolean doAttach)
   at System.Data.Entity.Core.Objects.DataClasses.RelatedEnd.IncludeEntity(IEntityWrapper wrappedEntity, Boolean addRelationshipAsUnchanged, Boolean doAttach)
   at System.Data.Entity.Core.Objects.DataClasses.EntityReference`1.Include(Boolean addRelationshipAsUnchanged, Boolean doAttach)
   at System.Data.Entity.Core.Objects.DataClasses.RelatedEnd.WalkObjectGraphToIncludeAllRelatedEntities(IEntityWrapper wrappedEntity, Boolean addRelationshipAsUnchanged, Boolean doAttach)
   at System.Data.Entity.Core.Objects.DataClasses.RelatedEnd.AddGraphToObjectStateManager(IEntityWrapper wrappedEntity, Boolean relationshipAlreadyExists, Boolean addRelationshipAsUnchanged, Boolean doAttach)
   at System.Data.Entity.Core.Objects.DataClasses.RelatedEnd.IncludeEntity(IEntityWrapper wrappedEntity, Boolean addRelationshipAsUnchanged, Boolean doAttach)
   at System.Data.Entity.Core.Objects.DataClasses.EntityReference`1.Include(Boolean addRelationshipAsUnchanged, Boolean doAttach)
   at System.Data.Entity.Core.Objects.DataClasses.RelatedEnd.WalkObjectGraphToIncludeAllRelatedEntities(IEntityWrapper wrappedEntity, Boolean addRelationshipAsUnchanged, Boolean doAttach)
   at System.Data.Entity.Core.Objects.DataClasses.RelatedEnd.AddGraphToObjectStateManager(IEntityWrapper wrappedEntity, Boolean relationshipAlreadyExists, Boolean addRelationshipAsUnchanged, Boolean doAttach)
   at System.Data.Entity.Core.Objects.DataClasses.RelatedEnd.IncludeEntity(IEntityWrapper wrappedEntity, Boolean addRelationshipAsUnchanged, Boolean doAttach)
   at System.Data.Entity.Core.Objects.DataClasses.EntityCollection`1.Include(Boolean addRelationshipAsUnchanged, Boolean doAttach)
   at System.Data.Entity.Core.Objects.DataClasses.RelatedEnd.WalkObjectGraphToIncludeAllRelatedEntities(IEntityWrapper wrappedEntity, Boolean addRelationshipAsUnchanged, Boolean doAttach)
   at System.Data.Entity.Core.Objects.DataClasses.RelatedEnd.AddGraphToObjectStateManager(IEntityWrapper wrappedEntity, Boolean relationshipAlreadyExists, Boolean addRelationshipAsUnchanged, Boolean doAttach)
   at System.Data.Entity.Core.Objects.DataClasses.RelatedEnd.IncludeEntity(IEntityWrapper wrappedEntity, Boolean addRelationshipAsUnchanged, Boolean doAttach)
   at System.Data.Entity.Core.Objects.DataClasses.EntityReference`1.Include(Boolean addRelationshipAsUnchanged, Boolean doAttach)
   at System.Data.Entity.Core.Objects.DataClasses.RelationshipManager.AddRelatedEntitiesToObjectStateManager(Boolean doAttach)
   at System.Data.Entity.Core.Objects.ObjectContext.AttachTo(String entitySetName, Object entity)
   at System.Data.Entity.Internal.Linq.InternalSet`1.<>c__DisplayClassa.<Attach>b__9()
   at System.Data.Entity.Internal.Linq.InternalSet`1.ActOnSet(Action action, EntityState newState, Object entity, String methodName)
   at System.Data.Entity.Internal.Linq.InternalSet`1.Attach(Object entity)
   at System.Data.Entity.Internal.InternalEntityEntry.set_State(EntityState value)
   at System.Data.Entity.Infrastructure.DbEntityEntry`1.set_State(EntityState value)
   at BuildInspect.Models.Repository.Interface.AssessmentRepository.SaveAssessmentExternalWallSignature(AssessmentExternalWallTransMasterViewModel masterViewModel) in E:\Rapid Systemz\BuildQAS\BuildQAS_UAT\BuildInspect\Models\Repository\Imp\AssessmentRepository.cs:line 519
2020-09-08 21:46:50.1185|ERROR|BuildInspect.MvcApplication|Error:
2020-09-08 21:46:50.1515|ERROR|BuildInspect.MvcApplication|Object reference not set to an instance of an object.
2020-09-08 21:46:50.1575|ERROR|BuildInspect.MvcApplication|   at BuildInspect.Controllers.HomeController.Index() in E:\Rapid Systemz\BuildQAS\BuildQAS_UAT\BuildInspect\Controllers\HomeController.cs:line 156
   at lambda_method(Closure , ControllerBase , Object[] )
   at System.Web.Mvc.ActionMethodDispatcher.Execute(ControllerBase controller, Object[] parameters)
   at System.Web.Mvc.ReflectedActionDescriptor.Execute(ControllerContext controllerContext, IDictionary`2 parameters)
   at System.Web.Mvc.ControllerActionInvoker.InvokeActionMethod(ControllerContext controllerContext, ActionDescriptor actionDescriptor, IDictionary`2 parameters)
   at System.Web.Mvc.Async.AsyncControllerActionInvoker.<BeginInvokeSynchronousActionMethod>b__39(IAsyncResult asyncResult, ActionInvocation innerInvokeState)
   at System.Web.Mvc.Async.AsyncResultWrapper.WrappedAsyncResult`2.CallEndDelegate(IAsyncResult asyncResult)
   at System.Web.Mvc.Async.AsyncResultWrapper.WrappedAsyncResultBase`1.End()
   at System.Web.Mvc.Async.AsyncControllerActionInvoker.EndInvokeActionMethod(IAsyncResult asyncResult)
   at System.Web.Mvc.Async.AsyncControllerActionInvoker.AsyncInvocationWithFilters.<InvokeActionMethodFilterAsynchronouslyRecursive>b__3d()
   at System.Web.Mvc.Async.AsyncControllerActionInvoker.AsyncInvocationWithFilters.<>c__DisplayClass46.<InvokeActionMethodFilterAsynchronouslyRecursive>b__3f()
   at System.Web.Mvc.Async.AsyncControllerActionInvoker.<>c__DisplayClass33.<BeginInvokeActionMethodWithFilters>b__32(IAsyncResult asyncResult)
   at System.Web.Mvc.Async.AsyncResultWrapper.WrappedAsyncResult`1.CallEndDelegate(IAsyncResult asyncResult)
   at System.Web.Mvc.Async.AsyncResultWrapper.WrappedAsyncResultBase`1.End()
   at System.Web.Mvc.Async.AsyncControllerActionInvoker.EndInvokeActionMethodWithFilters(IAsyncResult asyncResult)
   at System.Web.Mvc.Async.AsyncControllerActionInvoker.<>c__DisplayClass21.<>c__DisplayClass2b.<BeginInvokeAction>b__1c()
   at System.Web.Mvc.Async.AsyncControllerActionInvoker.<>c__DisplayClass21.<BeginInvokeAction>b__1e(IAsyncResult asyncResult)
   at System.Web.Mvc.Async.AsyncResultWrapper.WrappedAsyncResult`1.CallEndDelegate(IAsyncResult asyncResult)
   at System.Web.Mvc.Async.AsyncResultWrapper.WrappedAsyncResultBase`1.End()
   at System.Web.Mvc.Async.AsyncControllerActionInvoker.EndInvokeAction(IAsyncResult asyncResult)
   at System.Web.Mvc.Controller.<BeginExecuteCore>b__1d(IAsyncResult asyncResult, ExecuteCoreState innerState)
   at System.Web.Mvc.Async.AsyncResultWrapper.WrappedAsyncVoid`1.CallEndDelegate(IAsyncResult asyncResult)
   at System.Web.Mvc.Async.AsyncResultWrapper.WrappedAsyncResultBase`1.End()
   at System.Web.Mvc.Controller.EndExecuteCore(IAsyncResult asyncResult)
   at System.Web.Mvc.Controller.<BeginExecute>b__15(IAsyncResult asyncResult, Controller controller)
   at System.Web.Mvc.Async.AsyncResultWrapper.WrappedAsyncVoid`1.CallEndDelegate(IAsyncResult asyncResult)
   at System.Web.Mvc.Async.AsyncResultWrapper.WrappedAsyncResultBase`1.End()
   at System.Web.Mvc.Controller.EndExecute(IAsyncResult asyncResult)
   at System.Web.Mvc.Controller.System.Web.Mvc.Async.IAsyncController.EndExecute(IAsyncResult asyncResult)
   at System.Web.Mvc.MvcHandler.<BeginProcessRequest>b__5(IAsyncResult asyncResult, ProcessRequestState innerState)
   at System.Web.Mvc.Async.AsyncResultWrapper.WrappedAsyncVoid`1.CallEndDelegate(IAsyncResult asyncResult)
   at System.Web.Mvc.Async.AsyncResultWrapper.WrappedAsyncResultBase`1.End()
   at System.Web.Mvc.MvcHandler.EndProcessRequest(IAsyncResult asyncResult)
   at System.Web.Mvc.MvcHandler.System.Web.IHttpAsyncHandler.EndProcessRequest(IAsyncResult result)
   at System.Web.HttpApplication.CallHandlerExecutionStep.System.Web.HttpApplication.IExecutionStep.Execute()
   at System.Web.HttpApplication.ExecuteStepImpl(IExecutionStep step)
   at System.Web.HttpApplication.ExecuteStep(IExecutionStep step, Boolean& completedSynchronously)
2020-09-08 21:46:50.5738|DEBUG|BuildInspect.Controllers.AssessmentController|Roof Construction Form :
2020-09-08 21:46:50.5738|DEBUG|BuildInspect.Controllers.AssessmentController|Object reference not set to an instance of an object.
2020-09-08 21:46:50.5738|DEBUG|BuildInspect.Controllers.AssessmentController|   at BuildInspect.Controllers.AssessmentController.RoofConstruction(Int32 ID) in E:\Rapid Systemz\BuildQAS\BuildQAS_UAT\BuildInspect\Controllers\AssessmentController.cs:line 1007
2020-09-08 21:46:50.6118|ERROR|BuildInspect.MvcApplication|Error:
2020-09-08 21:46:50.6118|ERROR|BuildInspect.MvcApplication|Object reference not set to an instance of an object.
2020-09-08 21:46:50.6118|ERROR|BuildInspect.MvcApplication|   at BuildInspect.Controllers.AssessmentController.RoofConstruction(Int32 ID) in E:\Rapid Systemz\BuildQAS\BuildQAS_UAT\BuildInspect\Controllers\AssessmentController.cs:line 1037
   at lambda_method(Closure , ControllerBase , Object[] )
   at System.Web.Mvc.ActionMethodDispatcher.Execute(ControllerBase controller, Object[] parameters)
   at System.Web.Mvc.ReflectedActionDescriptor.Execute(ControllerContext controllerContext, IDictionary`2 parameters)
   at System.Web.Mvc.ControllerActionInvoker.InvokeActionMethod(ControllerContext controllerContext, ActionDescriptor actionDescriptor, IDictionary`2 parameters)
   at System.Web.Mvc.Async.AsyncControllerActionInvoker.<BeginInvokeSynchronousActionMethod>b__39(IAsyncResult asyncResult, ActionInvocation innerInvokeState)
   at System.Web.Mvc.Async.AsyncResultWrapper.WrappedAsyncResult`2.CallEndDelegate(IAsyncResult asyncResult)
   at System.Web.Mvc.Async.AsyncResultWrapper.WrappedAsyncResultBase`1.End()
   at System.Web.Mvc.Async.AsyncControllerActionInvoker.EndInvokeActionMethod(IAsyncResult asyncResult)
   at System.Web.Mvc.Async.AsyncControllerActionInvoker.AsyncInvocationWithFilters.<InvokeActionMethodFilterAsynchronouslyRecursive>b__3d()
   at System.Web.Mvc.Async.AsyncControllerActionInvoker.AsyncInvocationWithFilters.<>c__DisplayClass46.<InvokeActionMethodFilterAsynchronouslyRecursive>b__3f()
   at System.Web.Mvc.Async.AsyncControllerActionInvoker.<>c__DisplayClass33.<BeginInvokeActionMethodWithFilters>b__32(IAsyncResult asyncResult)
   at System.Web.Mvc.Async.AsyncResultWrapper.WrappedAsyncResult`1.CallEndDelegate(IAsyncResult asyncResult)
   at System.Web.Mvc.Async.AsyncResultWrapper.WrappedAsyncResultBase`1.End()
   at System.Web.Mvc.Async.AsyncControllerActionInvoker.EndInvokeActionMethodWithFilters(IAsyncResult asyncResult)
   at System.Web.Mvc.Async.AsyncControllerActionInvoker.<>c__DisplayClass21.<>c__DisplayClass2b.<BeginInvokeAction>b__1c()
   at System.Web.Mvc.Async.AsyncControllerActionInvoker.<>c__DisplayClass21.<BeginInvokeAction>b__1e(IAsyncResult asyncResult)
   at System.Web.Mvc.Async.AsyncResultWrapper.WrappedAsyncResult`1.CallEndDelegate(IAsyncResult asyncResult)
   at System.Web.Mvc.Async.AsyncResultWrapper.WrappedAsyncResultBase`1.End()
   at System.Web.Mvc.Async.AsyncControllerActionInvoker.EndInvokeAction(IAsyncResult asyncResult)
   at System.Web.Mvc.Controller.<BeginExecuteCore>b__1d(IAsyncResult asyncResult, ExecuteCoreState innerState)
   at System.Web.Mvc.Async.AsyncResultWrapper.WrappedAsyncVoid`1.CallEndDelegate(IAsyncResult asyncResult)
   at System.Web.Mvc.Async.AsyncResultWrapper.WrappedAsyncResultBase`1.End()
   at System.Web.Mvc.Controller.EndExecuteCore(IAsyncResult asyncResult)
   at System.Web.Mvc.Controller.<BeginExecute>b__15(IAsyncResult asyncResult, Controller controller)
   at System.Web.Mvc.Async.AsyncResultWrapper.WrappedAsyncVoid`1.CallEndDelegate(IAsyncResult asyncResult)
   at System.Web.Mvc.Async.AsyncResultWrapper.WrappedAsyncResultBase`1.End()
   at System.Web.Mvc.Controller.EndExecute(IAsyncResult asyncResult)
   at System.Web.Mvc.Controller.System.Web.Mvc.Async.IAsyncController.EndExecute(IAsyncResult asyncResult)
   at System.Web.Mvc.MvcHandler.<BeginProcessRequest>b__5(IAsyncResult asyncResult, ProcessRequestState innerState)
   at System.Web.Mvc.Async.AsyncResultWrapper.WrappedAsyncVoid`1.CallEndDelegate(IAsyncResult asyncResult)
   at System.Web.Mvc.Async.AsyncResultWrapper.WrappedAsyncResultBase`1.End()
   at System.Web.Mvc.MvcHandler.EndProcessRequest(IAsyncResult asyncResult)
   at System.Web.Mvc.MvcHandler.System.Web.IHttpAsyncHandler.EndProcessRequest(IAsyncResult result)
   at System.Web.HttpApplication.CallHandlerExecutionStep.System.Web.HttpApplication.IExecutionStep.Execute()
   at System.Web.HttpApplication.ExecuteStepImpl(IExecutionStep step)
   at System.Web.HttpApplication.ExecuteStep(IExecutionStep step, Boolean& completedSynchronously)
2020-09-08 21:47:06.9531|DEBUG|BuildInspect.Models.Repository.Interface.AssessmentRepository|Assessment External Wall Signature:
2020-09-08 21:47:06.9531|ERROR|BuildInspect.Models.Repository.Interface.AssessmentRepository|Attaching an entity of type 'BuildInspect.Models.Domain.company_master' failed because another entity of the same type already has the same primary key value. This can happen when using the 'Attach' method or setting the state of an entity to 'Unchanged' or 'Modified' if any entities in the graph have conflicting key values. This may be because some entities are new and have not yet received database-generated key values. In this case use the 'Add' method or the 'Added' entity state to track the graph and then set the state of non-new entities to 'Unchanged' or 'Modified' as appropriate.
2020-09-08 21:47:06.9551|ERROR|BuildInspect.Models.Repository.Interface.AssessmentRepository|   at System.Data.Entity.Core.Objects.ObjectContext.AttachSingleObject(IEntityWrapper wrappedEntity, EntitySet entitySet)
   at System.Data.Entity.Core.Objects.DataClasses.RelatedEnd.AddEntityToObjectStateManager(IEntityWrapper wrappedEntity, Boolean doAttach)
   at System.Data.Entity.Core.Objects.DataClasses.EntityReference.AddEntityToObjectStateManager(IEntityWrapper wrappedEntity, Boolean doAttach)
   at System.Data.Entity.Core.Objects.DataClasses.RelatedEnd.AddGraphToObjectStateManager(IEntityWrapper wrappedEntity, Boolean relationshipAlreadyExists, Boolean addRelationshipAsUnchanged, Boolean doAttach)
   at System.Data.Entity.Core.Objects.DataClasses.RelatedEnd.IncludeEntity(IEntityWrapper wrappedEntity, Boolean addRelationshipAsUnchanged, Boolean doAttach)
   at System.Data.Entity.Core.Objects.DataClasses.EntityReference`1.Include(Boolean addRelationshipAsUnchanged, Boolean doAttach)
   at System.Data.Entity.Core.Objects.DataClasses.RelatedEnd.WalkObjectGraphToIncludeAllRelatedEntities(IEntityWrapper wrappedEntity, Boolean addRelationshipAsUnchanged, Boolean doAttach)
   at System.Data.Entity.Core.Objects.DataClasses.RelatedEnd.AddGraphToObjectStateManager(IEntityWrapper wrappedEntity, Boolean relationshipAlreadyExists, Boolean addRelationshipAsUnchanged, Boolean doAttach)
   at System.Data.Entity.Core.Objects.DataClasses.RelatedEnd.IncludeEntity(IEntityWrapper wrappedEntity, Boolean addRelationshipAsUnchanged, Boolean doAttach)
   at System.Data.Entity.Core.Objects.DataClasses.EntityReference`1.Include(Boolean addRelationshipAsUnchanged, Boolean doAttach)
   at System.Data.Entity.Core.Objects.DataClasses.RelatedEnd.WalkObjectGraphToIncludeAllRelatedEntities(IEntityWrapper wrappedEntity, Boolean addRelationshipAsUnchanged, Boolean doAttach)
   at System.Data.Entity.Core.Objects.DataClasses.RelatedEnd.AddGraphToObjectStateManager(IEntityWrapper wrappedEntity, Boolean relationshipAlreadyExists, Boolean addRelationshipAsUnchanged, Boolean doAttach)
   at System.Data.Entity.Core.Objects.DataClasses.RelatedEnd.IncludeEntity(IEntityWrapper wrappedEntity, Boolean addRelationshipAsUnchanged, Boolean doAttach)
   at System.Data.Entity.Core.Objects.DataClasses.EntityCollection`1.Include(Boolean addRelationshipAsUnchanged, Boolean doAttach)
   at System.Data.Entity.Core.Objects.DataClasses.RelatedEnd.WalkObjectGraphToIncludeAllRelatedEntities(IEntityWrapper wrappedEntity, Boolean addRelationshipAsUnchanged, Boolean doAttach)
   at System.Data.Entity.Core.Objects.DataClasses.RelatedEnd.AddGraphToObjectStateManager(IEntityWrapper wrappedEntity, Boolean relationshipAlreadyExists, Boolean addRelationshipAsUnchanged, Boolean doAttach)
   at System.Data.Entity.Core.Objects.DataClasses.RelatedEnd.IncludeEntity(IEntityWrapper wrappedEntity, Boolean addRelationshipAsUnchanged, Boolean doAttach)
   at System.Data.Entity.Core.Objects.DataClasses.EntityReference`1.Include(Boolean addRelationshipAsUnchanged, Boolean doAttach)
   at System.Data.Entity.Core.Objects.DataClasses.RelationshipManager.AddRelatedEntitiesToObjectStateManager(Boolean doAttach)
   at System.Data.Entity.Core.Objects.ObjectContext.AttachTo(String entitySetName, Object entity)
   at System.Data.Entity.Internal.Linq.InternalSet`1.<>c__DisplayClassa.<Attach>b__9()
   at System.Data.Entity.Internal.Linq.InternalSet`1.ActOnSet(Action action, EntityState newState, Object entity, String methodName)
   at System.Data.Entity.Internal.Linq.InternalSet`1.Attach(Object entity)
   at System.Data.Entity.Internal.InternalEntityEntry.set_State(EntityState value)
   at System.Data.Entity.Infrastructure.DbEntityEntry`1.set_State(EntityState value)
   at BuildInspect.Models.Repository.Interface.AssessmentRepository.SaveAssessmentExternalWallSignature(AssessmentExternalWallTransMasterViewModel masterViewModel) in E:\Rapid Systemz\BuildQAS\BuildQAS_UAT\BuildInspect\Models\Repository\Imp\AssessmentRepository.cs:line 519
2020-09-08 21:47:23.9987|DEBUG|BuildInspect.Controllers.AssessmentController|Roof Construction Form :
2020-09-08 21:47:23.9987|DEBUG|BuildInspect.Controllers.AssessmentController|Object reference not set to an instance of an object.
2020-09-08 21:47:23.9987|DEBUG|BuildInspect.Controllers.AssessmentController|   at BuildInspect.Controllers.AssessmentController.RoofConstruction(Int32 ID) in E:\Rapid Systemz\BuildQAS\BuildQAS_UAT\BuildInspect\Controllers\AssessmentController.cs:line 1007
2020-09-08 21:47:24.0417|ERROR|BuildInspect.MvcApplication|Error:
2020-09-08 21:47:24.0417|ERROR|BuildInspect.MvcApplication|Object reference not set to an instance of an object.
2020-09-08 21:47:24.0417|ERROR|BuildInspect.MvcApplication|   at BuildInspect.Controllers.AssessmentController.RoofConstruction(Int32 ID) in E:\Rapid Systemz\BuildQAS\BuildQAS_UAT\BuildInspect\Controllers\AssessmentController.cs:line 1037
   at lambda_method(Closure , ControllerBase , Object[] )
   at System.Web.Mvc.ActionMethodDispatcher.Execute(ControllerBase controller, Object[] parameters)
   at System.Web.Mvc.ReflectedActionDescriptor.Execute(ControllerContext controllerContext, IDictionary`2 parameters)
   at System.Web.Mvc.ControllerActionInvoker.InvokeActionMethod(ControllerContext controllerContext, ActionDescriptor actionDescriptor, IDictionary`2 parameters)
   at System.Web.Mvc.Async.AsyncControllerActionInvoker.<BeginInvokeSynchronousActionMethod>b__39(IAsyncResult asyncResult, ActionInvocation innerInvokeState)
   at System.Web.Mvc.Async.AsyncResultWrapper.WrappedAsyncResult`2.CallEndDelegate(IAsyncResult asyncResult)
   at System.Web.Mvc.Async.AsyncResultWrapper.WrappedAsyncResultBase`1.End()
   at System.Web.Mvc.Async.AsyncControllerActionInvoker.EndInvokeActionMethod(IAsyncResult asyncResult)
   at System.Web.Mvc.Async.AsyncControllerActionInvoker.AsyncInvocationWithFilters.<InvokeActionMethodFilterAsynchronouslyRecursive>b__3d()
   at System.Web.Mvc.Async.AsyncControllerActionInvoker.AsyncInvocationWithFilters.<>c__DisplayClass46.<InvokeActionMethodFilterAsynchronouslyRecursive>b__3f()
   at System.Web.Mvc.Async.AsyncControllerActionInvoker.<>c__DisplayClass33.<BeginInvokeActionMethodWithFilters>b__32(IAsyncResult asyncResult)
   at System.Web.Mvc.Async.AsyncResultWrapper.WrappedAsyncResult`1.CallEndDelegate(IAsyncResult asyncResult)
   at System.Web.Mvc.Async.AsyncResultWrapper.WrappedAsyncResultBase`1.End()
   at System.Web.Mvc.Async.AsyncControllerActionInvoker.EndInvokeActionMethodWithFilters(IAsyncResult asyncResult)
   at System.Web.Mvc.Async.AsyncControllerActionInvoker.<>c__DisplayClass21.<>c__DisplayClass2b.<BeginInvokeAction>b__1c()
   at System.Web.Mvc.Async.AsyncControllerActionInvoker.<>c__DisplayClass21.<BeginInvokeAction>b__1e(IAsyncResult asyncResult)
   at System.Web.Mvc.Async.AsyncResultWrapper.WrappedAsyncResult`1.CallEndDelegate(IAsyncResult asyncResult)
   at System.Web.Mvc.Async.AsyncResultWrapper.WrappedAsyncResultBase`1.End()
   at System.Web.Mvc.Async.AsyncControllerActionInvoker.EndInvokeAction(IAsyncResult asyncResult)
   at System.Web.Mvc.Controller.<BeginExecuteCore>b__1d(IAsyncResult asyncResult, ExecuteCoreState innerState)
   at System.Web.Mvc.Async.AsyncResultWrapper.WrappedAsyncVoid`1.CallEndDelegate(IAsyncResult asyncResult)
   at System.Web.Mvc.Async.AsyncResultWrapper.WrappedAsyncResultBase`1.End()
   at System.Web.Mvc.Controller.EndExecuteCore(IAsyncResult asyncResult)
   at System.Web.Mvc.Controller.<BeginExecute>b__15(IAsyncResult asyncResult, Controller controller)
   at System.Web.Mvc.Async.AsyncResultWrapper.WrappedAsyncVoid`1.CallEndDelegate(IAsyncResult asyncResult)
   at System.Web.Mvc.Async.AsyncResultWrapper.WrappedAsyncResultBase`1.End()
   at System.Web.Mvc.Controller.EndExecute(IAsyncResult asyncResult)
   at System.Web.Mvc.Controller.System.Web.Mvc.Async.IAsyncController.EndExecute(IAsyncResult asyncResult)
   at System.Web.Mvc.MvcHandler.<BeginProcessRequest>b__5(IAsyncResult asyncResult, ProcessRequestState innerState)
   at System.Web.Mvc.Async.AsyncResultWrapper.WrappedAsyncVoid`1.CallEndDelegate(IAsyncResult asyncResult)
   at System.Web.Mvc.Async.AsyncResultWrapper.WrappedAsyncResultBase`1.End()
   at System.Web.Mvc.MvcHandler.EndProcessRequest(IAsyncResult asyncResult)
   at System.Web.Mvc.MvcHandler.System.Web.IHttpAsyncHandler.EndProcessRequest(IAsyncResult result)
   at System.Web.HttpApplication.CallHandlerExecutionStep.System.Web.HttpApplication.IExecutionStep.Execute()
   at System.Web.HttpApplication.ExecuteStepImpl(IExecutionStep step)
   at System.Web.HttpApplication.ExecuteStep(IExecutionStep step, Boolean& completedSynchronously)
2020-09-08 21:47:38.3725|DEBUG|BuildInspect.Models.Repository.Interface.AssessmentRepository|Assessment External Wall Signature:
2020-09-08 21:47:38.3725|ERROR|BuildInspect.Models.Repository.Interface.AssessmentRepository|Attaching an entity of type 'BuildInspect.Models.Domain.company_master' failed because another entity of the same type already has the same primary key value. This can happen when using the 'Attach' method or setting the state of an entity to 'Unchanged' or 'Modified' if any entities in the graph have conflicting key values. This may be because some entities are new and have not yet received database-generated key values. In this case use the 'Add' method or the 'Added' entity state to track the graph and then set the state of non-new entities to 'Unchanged' or 'Modified' as appropriate.
2020-09-08 21:47:38.3725|ERROR|BuildInspect.Models.Repository.Interface.AssessmentRepository|   at System.Data.Entity.Core.Objects.ObjectContext.AttachSingleObject(IEntityWrapper wrappedEntity, EntitySet entitySet)
   at System.Data.Entity.Core.Objects.DataClasses.RelatedEnd.AddEntityToObjectStateManager(IEntityWrapper wrappedEntity, Boolean doAttach)
   at System.Data.Entity.Core.Objects.DataClasses.EntityReference.AddEntityToObjectStateManager(IEntityWrapper wrappedEntity, Boolean doAttach)
   at System.Data.Entity.Core.Objects.DataClasses.RelatedEnd.AddGraphToObjectStateManager(IEntityWrapper wrappedEntity, Boolean relationshipAlreadyExists, Boolean addRelationshipAsUnchanged, Boolean doAttach)
   at System.Data.Entity.Core.Objects.DataClasses.RelatedEnd.IncludeEntity(IEntityWrapper wrappedEntity, Boolean addRelationshipAsUnchanged, Boolean doAttach)
   at System.Data.Entity.Core.Objects.DataClasses.EntityReference`1.Include(Boolean addRelationshipAsUnchanged, Boolean doAttach)
   at System.Data.Entity.Core.Objects.DataClasses.RelatedEnd.WalkObjectGraphToIncludeAllRelatedEntities(IEntityWrapper wrappedEntity, Boolean addRelationshipAsUnchanged, Boolean doAttach)
   at System.Data.Entity.Core.Objects.DataClasses.RelatedEnd.AddGraphToObjectStateManager(IEntityWrapper wrappedEntity, Boolean relationshipAlreadyExists, Boolean addRelationshipAsUnchanged, Boolean doAttach)
   at System.Data.Entity.Core.Objects.DataClasses.RelatedEnd.IncludeEntity(IEntityWrapper wrappedEntity, Boolean addRelationshipAsUnchanged, Boolean doAttach)
   at System.Data.Entity.Core.Objects.DataClasses.EntityReference`1.Include(Boolean addRelationshipAsUnchanged, Boolean doAttach)
   at System.Data.Entity.Core.Objects.DataClasses.RelatedEnd.WalkObjectGraphToIncludeAllRelatedEntities(IEntityWrapper wrappedEntity, Boolean addRelationshipAsUnchanged, Boolean doAttach)
   at System.Data.Entity.Core.Objects.DataClasses.RelatedEnd.AddGraphToObjectStateManager(IEntityWrapper wrappedEntity, Boolean relationshipAlreadyExists, Boolean addRelationshipAsUnchanged, Boolean doAttach)
   at System.Data.Entity.Core.Objects.DataClasses.RelatedEnd.IncludeEntity(IEntityWrapper wrappedEntity, Boolean addRelationshipAsUnchanged, Boolean doAttach)
   at System.Data.Entity.Core.Objects.DataClasses.EntityCollection`1.Include(Boolean addRelationshipAsUnchanged, Boolean doAttach)
   at System.Data.Entity.Core.Objects.DataClasses.RelatedEnd.WalkObjectGraphToIncludeAllRelatedEntities(IEntityWrapper wrappedEntity, Boolean addRelationshipAsUnchanged, Boolean doAttach)
   at System.Data.Entity.Core.Objects.DataClasses.RelatedEnd.AddGraphToObjectStateManager(IEntityWrapper wrappedEntity, Boolean relationshipAlreadyExists, Boolean addRelationshipAsUnchanged, Boolean doAttach)
   at System.Data.Entity.Core.Objects.DataClasses.RelatedEnd.IncludeEntity(IEntityWrapper wrappedEntity, Boolean addRelationshipAsUnchanged, Boolean doAttach)
   at System.Data.Entity.Core.Objects.DataClasses.EntityReference`1.Include(Boolean addRelationshipAsUnchanged, Boolean doAttach)
   at System.Data.Entity.Core.Objects.DataClasses.RelationshipManager.AddRelatedEntitiesToObjectStateManager(Boolean doAttach)
   at System.Data.Entity.Core.Objects.ObjectContext.AttachTo(String entitySetName, Object entity)
   at System.Data.Entity.Internal.Linq.InternalSet`1.<>c__DisplayClassa.<Attach>b__9()
   at System.Data.Entity.Internal.Linq.InternalSet`1.ActOnSet(Action action, EntityState newState, Object entity, String methodName)
   at System.Data.Entity.Internal.Linq.InternalSet`1.Attach(Object entity)
   at System.Data.Entity.Internal.InternalEntityEntry.set_State(EntityState value)
   at System.Data.Entity.Infrastructure.DbEntityEntry`1.set_State(EntityState value)
   at BuildInspect.Models.Repository.Interface.AssessmentRepository.SaveAssessmentExternalWallSignature(AssessmentExternalWallTransMasterViewModel masterViewModel) in E:\Rapid Systemz\BuildQAS\BuildQAS_UAT\BuildInspect\Models\Repository\Imp\AssessmentRepository.cs:line 519
2020-09-08 21:50:26.5745|ERROR|BuildInspect.MvcApplication|Error:
2020-09-08 21:50:26.5745|ERROR|BuildInspect.MvcApplication|Object reference not set to an instance of an object.
2020-09-08 21:50:26.5745|ERROR|BuildInspect.MvcApplication|   at BuildInspect.Controllers.HomeController.Index() in E:\Rapid Systemz\BuildQAS\BuildQAS_UAT\BuildInspect\Controllers\HomeController.cs:line 156
   at lambda_method(Closure , ControllerBase , Object[] )
   at System.Web.Mvc.ActionMethodDispatcher.Execute(ControllerBase controller, Object[] parameters)
   at System.Web.Mvc.ReflectedActionDescriptor.Execute(ControllerContext controllerContext, IDictionary`2 parameters)
   at System.Web.Mvc.ControllerActionInvoker.InvokeActionMethod(ControllerContext controllerContext, ActionDescriptor actionDescriptor, IDictionary`2 parameters)
   at System.Web.Mvc.Async.AsyncControllerActionInvoker.<BeginInvokeSynchronousActionMethod>b__39(IAsyncResult asyncResult, ActionInvocation innerInvokeState)
   at System.Web.Mvc.Async.AsyncResultWrapper.WrappedAsyncResult`2.CallEndDelegate(IAsyncResult asyncResult)
   at System.Web.Mvc.Async.AsyncResultWrapper.WrappedAsyncResultBase`1.End()
   at System.Web.Mvc.Async.AsyncControllerActionInvoker.EndInvokeActionMethod(IAsyncResult asyncResult)
   at System.Web.Mvc.Async.AsyncControllerActionInvoker.AsyncInvocationWithFilters.<InvokeActionMethodFilterAsynchronouslyRecursive>b__3d()
   at System.Web.Mvc.Async.AsyncControllerActionInvoker.AsyncInvocationWithFilters.<>c__DisplayClass46.<InvokeActionMethodFilterAsynchronouslyRecursive>b__3f()
   at System.Web.Mvc.Async.AsyncControllerActionInvoker.<>c__DisplayClass33.<BeginInvokeActionMethodWithFilters>b__32(IAsyncResult asyncResult)
   at System.Web.Mvc.Async.AsyncResultWrapper.WrappedAsyncResult`1.CallEndDelegate(IAsyncResult asyncResult)
   at System.Web.Mvc.Async.AsyncResultWrapper.WrappedAsyncResultBase`1.End()
   at System.Web.Mvc.Async.AsyncControllerActionInvoker.EndInvokeActionMethodWithFilters(IAsyncResult asyncResult)
   at System.Web.Mvc.Async.AsyncControllerActionInvoker.<>c__DisplayClass21.<>c__DisplayClass2b.<BeginInvokeAction>b__1c()
   at System.Web.Mvc.Async.AsyncControllerActionInvoker.<>c__DisplayClass21.<BeginInvokeAction>b__1e(IAsyncResult asyncResult)
   at System.Web.Mvc.Async.AsyncResultWrapper.WrappedAsyncResult`1.CallEndDelegate(IAsyncResult asyncResult)
   at System.Web.Mvc.Async.AsyncResultWrapper.WrappedAsyncResultBase`1.End()
   at System.Web.Mvc.Async.AsyncControllerActionInvoker.EndInvokeAction(IAsyncResult asyncResult)
   at System.Web.Mvc.Controller.<BeginExecuteCore>b__1d(IAsyncResult asyncResult, ExecuteCoreState innerState)
   at System.Web.Mvc.Async.AsyncResultWrapper.WrappedAsyncVoid`1.CallEndDelegate(IAsyncResult asyncResult)
   at System.Web.Mvc.Async.AsyncResultWrapper.WrappedAsyncResultBase`1.End()
   at System.Web.Mvc.Controller.EndExecuteCore(IAsyncResult asyncResult)
   at System.Web.Mvc.Controller.<BeginExecute>b__15(IAsyncResult asyncResult, Controller controller)
   at System.Web.Mvc.Async.AsyncResultWrapper.WrappedAsyncVoid`1.CallEndDelegate(IAsyncResult asyncResult)
   at System.Web.Mvc.Async.AsyncResultWrapper.WrappedAsyncResultBase`1.End()
   at System.Web.Mvc.Controller.EndExecute(IAsyncResult asyncResult)
   at System.Web.Mvc.Controller.System.Web.Mvc.Async.IAsyncController.EndExecute(IAsyncResult asyncResult)
   at System.Web.Mvc.MvcHandler.<BeginProcessRequest>b__5(IAsyncResult asyncResult, ProcessRequestState innerState)
   at System.Web.Mvc.Async.AsyncResultWrapper.WrappedAsyncVoid`1.CallEndDelegate(IAsyncResult asyncResult)
   at System.Web.Mvc.Async.AsyncResultWrapper.WrappedAsyncResultBase`1.End()
   at System.Web.Mvc.MvcHandler.EndProcessRequest(IAsyncResult asyncResult)
   at System.Web.Mvc.MvcHandler.System.Web.IHttpAsyncHandler.EndProcessRequest(IAsyncResult result)
   at System.Web.HttpApplication.CallHandlerExecutionStep.System.Web.HttpApplication.IExecutionStep.Execute()
   at System.Web.HttpApplication.ExecuteStepImpl(IExecutionStep step)
   at System.Web.HttpApplication.ExecuteStep(IExecutionStep step, Boolean& completedSynchronously)
2020-09-08 22:02:45.3603|ERROR|BuildInspect.MvcApplication|Error:
2020-09-08 22:02:45.3923|ERROR|BuildInspect.MvcApplication|The parameters dictionary contains a null entry for parameter 'ID' of non-nullable type 'System.Int32' for method 'System.Web.Mvc.ActionResult AssessmentSummary(Int32)' in 'BuildInspect.Controllers.AssessmentController'. An optional parameter must be a reference type, a nullable type, or be declared as an optional parameter.
Parameter name: parameters
2020-09-08 22:02:45.3923|ERROR|BuildInspect.MvcApplication|   at System.Web.Mvc.ActionDescriptor.ExtractParameterFromDictionary(ParameterInfo parameterInfo, IDictionary`2 parameters, MethodInfo methodInfo)
   at System.Web.Mvc.ReflectedActionDescriptor.Execute(ControllerContext controllerContext, IDictionary`2 parameters)
   at System.Web.Mvc.ControllerActionInvoker.InvokeActionMethod(ControllerContext controllerContext, ActionDescriptor actionDescriptor, IDictionary`2 parameters)
   at System.Web.Mvc.Async.AsyncControllerActionInvoker.<BeginInvokeSynchronousActionMethod>b__39(IAsyncResult asyncResult, ActionInvocation innerInvokeState)
   at System.Web.Mvc.Async.AsyncResultWrapper.WrappedAsyncResult`2.CallEndDelegate(IAsyncResult asyncResult)
   at System.Web.Mvc.Async.AsyncResultWrapper.WrappedAsyncResultBase`1.End()
   at System.Web.Mvc.Async.AsyncControllerActionInvoker.EndInvokeActionMethod(IAsyncResult asyncResult)
   at System.Web.Mvc.Async.AsyncControllerActionInvoker.AsyncInvocationWithFilters.<InvokeActionMethodFilterAsynchronouslyRecursive>b__3d()
   at System.Web.Mvc.Async.AsyncControllerActionInvoker.AsyncInvocationWithFilters.<>c__DisplayClass46.<InvokeActionMethodFilterAsynchronouslyRecursive>b__3f()
   at System.Web.Mvc.Async.AsyncControllerActionInvoker.<>c__DisplayClass33.<BeginInvokeActionMethodWithFilters>b__32(IAsyncResult asyncResult)
   at System.Web.Mvc.Async.AsyncResultWrapper.WrappedAsyncResult`1.CallEndDelegate(IAsyncResult asyncResult)
   at System.Web.Mvc.Async.AsyncResultWrapper.WrappedAsyncResultBase`1.End()
   at System.Web.Mvc.Async.AsyncControllerActionInvoker.EndInvokeActionMethodWithFilters(IAsyncResult asyncResult)
   at System.Web.Mvc.Async.AsyncControllerActionInvoker.<>c__DisplayClass21.<>c__DisplayClass2b.<BeginInvokeAction>b__1c()
   at System.Web.Mvc.Async.AsyncControllerActionInvoker.<>c__DisplayClass21.<BeginInvokeAction>b__1e(IAsyncResult asyncResult)
   at System.Web.Mvc.Async.AsyncResultWrapper.WrappedAsyncResult`1.CallEndDelegate(IAsyncResult asyncResult)
   at System.Web.Mvc.Async.AsyncResultWrapper.WrappedAsyncResultBase`1.End()
   at System.Web.Mvc.Async.AsyncControllerActionInvoker.EndInvokeAction(IAsyncResult asyncResult)
   at System.Web.Mvc.Controller.<BeginExecuteCore>b__1d(IAsyncResult asyncResult, ExecuteCoreState innerState)
   at System.Web.Mvc.Async.AsyncResultWrapper.WrappedAsyncVoid`1.CallEndDelegate(IAsyncResult asyncResult)
   at System.Web.Mvc.Async.AsyncResultWrapper.WrappedAsyncResultBase`1.End()
   at System.Web.Mvc.Controller.EndExecuteCore(IAsyncResult asyncResult)
   at System.Web.Mvc.Controller.<BeginExecute>b__15(IAsyncResult asyncResult, Controller controller)
   at System.Web.Mvc.Async.AsyncResultWrapper.WrappedAsyncVoid`1.CallEndDelegate(IAsyncResult asyncResult)
   at System.Web.Mvc.Async.AsyncResultWrapper.WrappedAsyncResultBase`1.End()
   at System.Web.Mvc.Controller.EndExecute(IAsyncResult asyncResult)
   at System.Web.Mvc.Controller.System.Web.Mvc.Async.IAsyncController.EndExecute(IAsyncResult asyncResult)
   at System.Web.Mvc.MvcHandler.<BeginProcessRequest>b__5(IAsyncResult asyncResult, ProcessRequestState innerState)
   at System.Web.Mvc.Async.AsyncResultWrapper.WrappedAsyncVoid`1.CallEndDelegate(IAsyncResult asyncResult)
   at System.Web.Mvc.Async.AsyncResultWrapper.WrappedAsyncResultBase`1.End()
   at System.Web.Mvc.MvcHandler.EndProcessRequest(IAsyncResult asyncResult)
   at System.Web.Mvc.MvcHandler.System.Web.IHttpAsyncHandler.EndProcessRequest(IAsyncResult result)
   at System.Web.HttpApplication.CallHandlerExecutionStep.System.Web.HttpApplication.IExecutionStep.Execute()
   at System.Web.HttpApplication.ExecuteStepImpl(IExecutionStep step)
   at System.Web.HttpApplication.ExecuteStep(IExecutionStep step, Boolean& completedSynchronously)
