2020-12-04 13:18:52.0579|ERROR|BuildInspect.MvcApplication|Error:
2020-12-04 13:18:54.6601|ERROR|BuildInspect.MvcApplication|

Mapping types:
qcinspection_project_B7BFED29F5075D695B50052744C8F678C030C72853034AE6DFE39BE9A9EB93B9 -> List`1
System.Data.Entity.DynamicProxies.qcinspection_project_B7BFED29F5075D695B50052744C8F678C030C72853034AE6DFE39BE9A9EB93B9 -> System.Collections.Generic.List`1[[BuildInspect.Models.ViewModel.QCInspectionProjectPMDetailViewModel, BuildInspect, Version=1.0.0.0, Culture=neutral, PublicKeyToken=null]]

Destination path:
List`1[0].qcinspection_project_PM_detail.qcinspection_project_PM_detail

Source value:
System.Data.Entity.DynamicProxies.qcinspection_project_B7BFED29F5075D695B50052744C8F678C030C72853034AE6DFE39BE9A9EB93B9
2020-12-04 13:18:56.7202|ERROR|BuildInspect.MvcApplication|   at BuildInspect.Models.Repository.Interface.QCInspectionRepository.GetAllProjects() in E:\Rapid Systemz\BuildQAS_New\BuildQAS\Models\Repository\Imp\QCInspectionRepository.cs:line 27
   at BuildInspect.Models.Service.Interface.QCInspectionServices.GetAllProjects() in E:\Rapid Systemz\BuildQAS_New\BuildQAS\Models\Service\Imp\QCInspectionServices.cs:line 22
   at BuildInspect.Controllers.QCInspectionController.RFWIProgressReportIndex() in E:\Rapid Systemz\BuildQAS_New\BuildQAS\Controllers\QCInspectionController.cs:line 2198
   at lambda_method(Closure , ControllerBase , Object[] )
   at System.Web.Mvc.ActionMethodDispatcher.Execute(ControllerBase controller, Object[] parameters)
   at System.Web.Mvc.ReflectedActionDescriptor.Execute(ControllerContext controllerContext, IDictionary`2 parameters)
   at System.Web.Mvc.ControllerActionInvoker.InvokeActionMethod(ControllerContext controllerContext, ActionDescriptor actionDescriptor, IDictionary`2 parameters)
   at System.Web.Mvc.Async.AsyncControllerActionInvoker.<BeginInvokeSynchronousActionMethod>b__39(IAsyncResult asyncResult, ActionInvocation innerInvokeState)
   at System.Web.Mvc.Async.AsyncResultWrapper.WrappedAsyncResult`2.CallEndDelegate(IAsyncResult asyncResult)
   at System.Web.Mvc.Async.AsyncResultWrapper.WrappedAsyncResultBase`1.End()
   at System.Web.Mvc.Async.AsyncControllerActionInvoker.EndInvokeActionMethod(IAsyncResult asyncResult)
   at System.Web.Mvc.Async.AsyncControllerActionInvoker.AsyncInvocationWithFilters.<InvokeActionMethodFilterAsynchronouslyRecursive>b__3d()
   at System.Web.Mvc.Async.AsyncControllerActionInvoker.AsyncInvocationWithFilters.<>c__DisplayClass46.<InvokeActionMethodFilterAsynchronouslyRecursive>b__3f()
   at System.Web.Mvc.Async.AsyncControllerActionInvoker.<>c__DisplayClass33.<BeginInvokeActionMethodWithFilters>b__32(IAsyncResult asyncResult)
   at System.Web.Mvc.Async.AsyncResultWrapper.WrappedAsyncResult`1.CallEndDelegate(IAsyncResult asyncResult)
   at System.Web.Mvc.Async.AsyncResultWrapper.WrappedAsyncResultBase`1.End()
   at System.Web.Mvc.Async.AsyncControllerActionInvoker.EndInvokeActionMethodWithFilters(IAsyncResult asyncResult)
   at System.Web.Mvc.Async.AsyncControllerActionInvoker.<>c__DisplayClass21.<>c__DisplayClass2b.<BeginInvokeAction>b__1c()
   at System.Web.Mvc.Async.AsyncControllerActionInvoker.<>c__DisplayClass21.<BeginInvokeAction>b__1e(IAsyncResult asyncResult)
   at System.Web.Mvc.Async.AsyncResultWrapper.WrappedAsyncResult`1.CallEndDelegate(IAsyncResult asyncResult)
   at System.Web.Mvc.Async.AsyncResultWrapper.WrappedAsyncResultBase`1.End()
   at System.Web.Mvc.Async.AsyncControllerActionInvoker.EndInvokeAction(IAsyncResult asyncResult)
   at System.Web.Mvc.Controller.<BeginExecuteCore>b__1d(IAsyncResult asyncResult, ExecuteCoreState innerState)
   at System.Web.Mvc.Async.AsyncResultWrapper.WrappedAsyncVoid`1.CallEndDelegate(IAsyncResult asyncResult)
   at System.Web.Mvc.Async.AsyncResultWrapper.WrappedAsyncResultBase`1.End()
   at System.Web.Mvc.Controller.EndExecuteCore(IAsyncResult asyncResult)
   at System.Web.Mvc.Controller.<BeginExecute>b__15(IAsyncResult asyncResult, Controller controller)
   at System.Web.Mvc.Async.AsyncResultWrapper.WrappedAsyncVoid`1.CallEndDelegate(IAsyncResult asyncResult)
   at System.Web.Mvc.Async.AsyncResultWrapper.WrappedAsyncResultBase`1.End()
   at System.Web.Mvc.Controller.EndExecute(IAsyncResult asyncResult)
   at System.Web.Mvc.Controller.System.Web.Mvc.Async.IAsyncController.EndExecute(IAsyncResult asyncResult)
   at System.Web.Mvc.MvcHandler.<BeginProcessRequest>b__5(IAsyncResult asyncResult, ProcessRequestState innerState)
   at System.Web.Mvc.Async.AsyncResultWrapper.WrappedAsyncVoid`1.CallEndDelegate(IAsyncResult asyncResult)
   at System.Web.Mvc.Async.AsyncResultWrapper.WrappedAsyncResultBase`1.End()
   at System.Web.Mvc.MvcHandler.EndProcessRequest(IAsyncResult asyncResult)
   at System.Web.Mvc.MvcHandler.System.Web.IHttpAsyncHandler.EndProcessRequest(IAsyncResult result)
   at System.Web.HttpApplication.CallHandlerExecutionStep.System.Web.HttpApplication.IExecutionStep.Execute()
   at System.Web.HttpApplication.ExecuteStepImpl(IExecutionStep step)
   at System.Web.HttpApplication.ExecuteStep(IExecutionStep step, Boolean& completedSynchronously)
2020-12-04 14:32:48.1981|DEBUG|BuildInspect.Models.Repository.Interface.UserRepository|ValidateLoginWeb:
2020-12-04 14:32:48.2261|ERROR|BuildInspect.Models.Repository.Interface.UserRepository|Unable to load the specified metadata resource.
2020-12-04 14:32:48.2881|ERROR|BuildInspect.Models.Repository.Interface.UserRepository|   at System.Data.Entity.Core.Metadata.Edm.MetadataArtifactLoaderCompositeResource.LoadResources(String assemblyName, String resourceName, ICollection`1 uriRegistry, MetadataArtifactAssemblyResolver resolver)
   at System.Data.Entity.Core.Metadata.Edm.MetadataArtifactLoaderCompositeResource.CreateResourceLoader(String path, ExtensionCheck extensionCheck, String validExtension, ICollection`1 uriRegistry, MetadataArtifactAssemblyResolver resolver)
   at System.Data.Entity.Core.Metadata.Edm.MetadataArtifactLoader.Create(String path, ExtensionCheck extensionCheck, String validExtension, ICollection`1 uriRegistry, MetadataArtifactAssemblyResolver resolver)
   at System.Data.Entity.Core.Metadata.Edm.MetadataCache.SplitPaths(String paths)
   at System.Data.Entity.Core.Common.Utils.Memoizer`2.<>c__DisplayClass2.<Evaluate>b__0()
   at System.Data.Entity.Core.Common.Utils.Memoizer`2.Result.GetValue()
   at System.Data.Entity.Core.Common.Utils.Memoizer`2.Evaluate(TArg arg)
   at System.Data.Entity.Core.Metadata.Edm.MetadataCache.GetArtifactLoader(DbConnectionOptions effectiveConnectionOptions)
   at System.Data.Entity.Core.Metadata.Edm.MetadataCache.GetMetadataWorkspace(DbConnectionOptions effectiveConnectionOptions)
   at System.Data.Entity.Core.EntityClient.EntityConnection.GetMetadataWorkspace()
   at System.Data.Entity.Core.Objects.ObjectContext.RetrieveMetadataWorkspaceFromConnection()
   at System.Data.Entity.Core.Objects.ObjectContext..ctor(EntityConnection connection, Boolean isConnectionConstructor, ObjectQueryExecutionPlanFactory objectQueryExecutionPlanFactory, Translator translator, ColumnMapFactory columnMapFactory)
   at System.Data.Entity.Internal.InternalConnection.CreateObjectContextFromConnectionModel()
   at System.Data.Entity.Internal.LazyInternalConnection.CreateObjectContextFromConnectionModel()
   at System.Data.Entity.Internal.LazyInternalContext.InitializeContext()
   at System.Data.Entity.Internal.InternalContext.GetEntitySetAndBaseTypeForType(Type entityType)
   at System.Data.Entity.Internal.Linq.InternalSet`1.Initialize()
   at System.Data.Entity.Internal.Linq.InternalSet`1.get_InternalContext()
   at System.Data.Entity.Infrastructure.DbQuery`1.System.Linq.IQueryable.get_Provider()
   at System.Linq.Queryable.Where[TSource](IQueryable`1 source, Expression`1 predicate)
   at BuildInspect.Models.Repository.Interface.UserRepository.ValidateUserLoginWeb(String username, String password) in E:\Rapid Systemz\BuildQAS_New\BuildQAS\Models\Repository\Imp\UserRepository.cs:line 60
2020-12-04 14:32:48.2881|INFO|BuildInspect.Models.Repository.Interface.UserRepository|bqasadmin:eRz0byRr6i047xXa8o+ejA==;
2020-12-04 14:32:50.3617|DEBUG|BuildInspect.Models.Repository.Interface.UserRepository|ValidateLoginWeb:
2020-12-04 14:32:50.3617|ERROR|BuildInspect.Models.Repository.Interface.UserRepository|Unable to load the specified metadata resource.
2020-12-04 14:32:50.3617|ERROR|BuildInspect.Models.Repository.Interface.UserRepository|   at System.Data.Entity.Core.Metadata.Edm.MetadataArtifactLoaderCompositeResource.LoadResources(String assemblyName, String resourceName, ICollection`1 uriRegistry, MetadataArtifactAssemblyResolver resolver)
   at System.Data.Entity.Core.Metadata.Edm.MetadataArtifactLoaderCompositeResource.CreateResourceLoader(String path, ExtensionCheck extensionCheck, String validExtension, ICollection`1 uriRegistry, MetadataArtifactAssemblyResolver resolver)
   at System.Data.Entity.Core.Metadata.Edm.MetadataArtifactLoader.Create(String path, ExtensionCheck extensionCheck, String validExtension, ICollection`1 uriRegistry, MetadataArtifactAssemblyResolver resolver)
   at System.Data.Entity.Core.Metadata.Edm.MetadataCache.SplitPaths(String paths)
   at System.Data.Entity.Core.Common.Utils.Memoizer`2.<>c__DisplayClass2.<Evaluate>b__0()
   at System.Data.Entity.Core.Common.Utils.Memoizer`2.Result.GetValue()
   at System.Data.Entity.Core.Common.Utils.Memoizer`2.Evaluate(TArg arg)
   at System.Data.Entity.Core.Metadata.Edm.MetadataCache.GetArtifactLoader(DbConnectionOptions effectiveConnectionOptions)
   at System.Data.Entity.Core.Metadata.Edm.MetadataCache.GetMetadataWorkspace(DbConnectionOptions effectiveConnectionOptions)
   at System.Data.Entity.Core.EntityClient.EntityConnection.GetMetadataWorkspace()
   at System.Data.Entity.Core.Objects.ObjectContext.RetrieveMetadataWorkspaceFromConnection()
   at System.Data.Entity.Core.Objects.ObjectContext..ctor(EntityConnection connection, Boolean isConnectionConstructor, ObjectQueryExecutionPlanFactory objectQueryExecutionPlanFactory, Translator translator, ColumnMapFactory columnMapFactory)
   at System.Data.Entity.Internal.InternalConnection.CreateObjectContextFromConnectionModel()
   at System.Data.Entity.Internal.LazyInternalConnection.CreateObjectContextFromConnectionModel()
   at System.Data.Entity.Internal.LazyInternalContext.InitializeContext()
   at System.Data.Entity.Internal.InternalContext.GetEntitySetAndBaseTypeForType(Type entityType)
   at System.Data.Entity.Internal.Linq.InternalSet`1.Initialize()
   at System.Data.Entity.Internal.Linq.InternalSet`1.get_InternalContext()
   at System.Data.Entity.Infrastructure.DbQuery`1.System.Linq.IQueryable.get_Provider()
   at System.Linq.Queryable.Where[TSource](IQueryable`1 source, Expression`1 predicate)
   at BuildInspect.Models.Repository.Interface.UserRepository.ValidateUserLoginWeb(String username, String password) in E:\Rapid Systemz\BuildQAS_New\BuildQAS\Models\Repository\Imp\UserRepository.cs:line 60
2020-12-04 14:32:50.3617|INFO|BuildInspect.Models.Repository.Interface.UserRepository|bqasadmin:eRz0byRr6i047xXa8o+ejA==;
2020-12-04 18:01:50.2517|DEBUG|BuildInspect.Models.Authentication.BasicAuthenticationMessageHandler|Raw Http Message: 
2020-12-04 18:01:50.3027|DEBUG|BuildInspect.Models.Authentication.BasicAuthenticationMessageHandler|isAuthenticated : True
2020-12-04 18:50:31.7189|DEBUG|BuildInspect.Models.Authentication.BasicAuthenticationMessageHandler|Raw Http Message: 
2020-12-04 18:50:31.7819|DEBUG|BuildInspect.Models.Authentication.BasicAuthenticationMessageHandler|isAuthenticated : True
2020-12-04 18:55:16.1360|DEBUG|BuildInspect.Models.Authentication.BasicAuthenticationMessageHandler|Raw Http Message: 
2020-12-04 18:55:16.1740|DEBUG|BuildInspect.Models.Authentication.BasicAuthenticationMessageHandler|isAuthenticated : True
2020-12-04 19:09:16.7798|DEBUG|BuildInspect.Models.Authentication.BasicAuthenticationMessageHandler|Raw Http Message: 
2020-12-04 19:09:16.8328|DEBUG|BuildInspect.Models.Authentication.BasicAuthenticationMessageHandler|isAuthenticated : True
2020-12-04 19:13:58.1777|DEBUG|BuildInspect.Models.Authentication.BasicAuthenticationMessageHandler|Raw Http Message: 
2020-12-04 19:13:58.1777|DEBUG|BuildInspect.Models.Authentication.BasicAuthenticationMessageHandler|isAuthenticated : True
2020-12-04 19:14:50.8709|DEBUG|BuildInspect.Models.Authentication.BasicAuthenticationMessageHandler|Raw Http Message: 
2020-12-04 19:14:50.8819|DEBUG|BuildInspect.Models.Authentication.BasicAuthenticationMessageHandler|isAuthenticated : True
2020-12-04 19:15:28.2844|DEBUG|BuildInspect.Models.Authentication.BasicAuthenticationMessageHandler|Raw Http Message: 
2020-12-04 19:15:28.2844|DEBUG|BuildInspect.Models.Authentication.BasicAuthenticationMessageHandler|isAuthenticated : True
2020-12-04 19:17:49.4285|DEBUG|BuildInspect.Models.Authentication.BasicAuthenticationMessageHandler|Raw Http Message: 
2020-12-04 19:17:49.4285|DEBUG|BuildInspect.Models.Authentication.BasicAuthenticationMessageHandler|isAuthenticated : True
2020-12-04 19:18:10.2095|DEBUG|BuildInspect.Models.Authentication.BasicAuthenticationMessageHandler|Raw Http Message: 
2020-12-04 19:18:10.2095|DEBUG|BuildInspect.Models.Authentication.BasicAuthenticationMessageHandler|isAuthenticated : True
2020-12-04 19:18:27.1523|DEBUG|BuildInspect.Models.Authentication.BasicAuthenticationMessageHandler|Raw Http Message: 
2020-12-04 19:18:27.1523|DEBUG|BuildInspect.Models.Authentication.BasicAuthenticationMessageHandler|isAuthenticated : True
2020-12-04 19:28:40.6852|DEBUG|BuildInspect.Models.Authentication.BasicAuthenticationMessageHandler|Raw Http Message: 
2020-12-04 19:28:40.7212|DEBUG|BuildInspect.Models.Authentication.BasicAuthenticationMessageHandler|isAuthenticated : True
2020-12-04 19:36:29.2527|DEBUG|BuildInspect.Models.Authentication.BasicAuthenticationMessageHandler|Raw Http Message: 
2020-12-04 19:36:29.2527|DEBUG|BuildInspect.Models.Authentication.BasicAuthenticationMessageHandler|isAuthenticated : True
2020-12-04 23:47:00.7210|ERROR|BuildInspect.MvcApplication|Error:
2020-12-04 23:47:00.7680|ERROR|BuildInspect.MvcApplication|Operator '==' cannot be applied to operands of type 'bool' and 'int'
2020-12-04 23:47:00.8540|ERROR|BuildInspect.MvcApplication|   at CallSite.Target(Closure , CallSite , Object , Int32 )
   at System.Dynamic.UpdateDelegates.UpdateAndExecute2[T0,T1,TRet](CallSite site, T0 arg0, T1 arg1)
   at CallSite.Target(Closure , CallSite , Object , Int32 )
   at ASP._Page_Views_QCInspection_PartialBlockList_cshtml.Execute() in E:\Rapid Systemz\BuildQAS_New\BuildQAS\Views\QCInspection\PartialBlockList.cshtml:line 9
   at System.Web.WebPages.WebPageBase.ExecutePageHierarchy()
   at System.Web.Mvc.WebViewPage.ExecutePageHierarchy()
   at System.Web.WebPages.WebPageBase.ExecutePageHierarchy(WebPageContext pageContext, TextWriter writer, WebPageRenderingBase startPage)
   at System.Web.Mvc.RazorView.RenderView(ViewContext viewContext, TextWriter writer, Object instance)
   at System.Web.Mvc.BuildManagerCompiledView.Render(ViewContext viewContext, TextWriter writer)
   at System.Web.Mvc.ViewResultBase.ExecuteResult(ControllerContext context)
   at System.Web.Mvc.ControllerActionInvoker.InvokeActionResult(ControllerContext controllerContext, ActionResult actionResult)
   at System.Web.Mvc.ControllerActionInvoker.InvokeActionResultFilterRecursive(IList`1 filters, Int32 filterIndex, ResultExecutingContext preContext, ControllerContext controllerContext, ActionResult actionResult)
   at System.Web.Mvc.ControllerActionInvoker.InvokeActionResultFilterRecursive(IList`1 filters, Int32 filterIndex, ResultExecutingContext preContext, ControllerContext controllerContext, ActionResult actionResult)
   at System.Web.Mvc.ControllerActionInvoker.InvokeActionResultWithFilters(ControllerContext controllerContext, IList`1 filters, ActionResult actionResult)
   at System.Web.Mvc.Async.AsyncControllerActionInvoker.<>c__DisplayClass21.<>c__DisplayClass2b.<BeginInvokeAction>b__1c()
   at System.Web.Mvc.Async.AsyncControllerActionInvoker.<>c__DisplayClass21.<BeginInvokeAction>b__1e(IAsyncResult asyncResult)
   at System.Web.Mvc.Async.AsyncResultWrapper.WrappedAsyncResult`1.CallEndDelegate(IAsyncResult asyncResult)
   at System.Web.Mvc.Async.AsyncResultWrapper.WrappedAsyncResultBase`1.End()
   at System.Web.Mvc.Async.AsyncControllerActionInvoker.EndInvokeAction(IAsyncResult asyncResult)
   at System.Web.Mvc.Controller.<BeginExecuteCore>b__1d(IAsyncResult asyncResult, ExecuteCoreState innerState)
   at System.Web.Mvc.Async.AsyncResultWrapper.WrappedAsyncVoid`1.CallEndDelegate(IAsyncResult asyncResult)
   at System.Web.Mvc.Async.AsyncResultWrapper.WrappedAsyncResultBase`1.End()
   at System.Web.Mvc.Controller.EndExecuteCore(IAsyncResult asyncResult)
   at System.Web.Mvc.Controller.<BeginExecute>b__15(IAsyncResult asyncResult, Controller controller)
   at System.Web.Mvc.Async.AsyncResultWrapper.WrappedAsyncVoid`1.CallEndDelegate(IAsyncResult asyncResult)
   at System.Web.Mvc.Async.AsyncResultWrapper.WrappedAsyncResultBase`1.End()
   at System.Web.Mvc.Controller.EndExecute(IAsyncResult asyncResult)
   at System.Web.Mvc.Controller.System.Web.Mvc.Async.IAsyncController.EndExecute(IAsyncResult asyncResult)
   at System.Web.Mvc.MvcHandler.<BeginProcessRequest>b__5(IAsyncResult asyncResult, ProcessRequestState innerState)
   at System.Web.Mvc.Async.AsyncResultWrapper.WrappedAsyncVoid`1.CallEndDelegate(IAsyncResult asyncResult)
   at System.Web.Mvc.Async.AsyncResultWrapper.WrappedAsyncResultBase`1.End()
   at System.Web.Mvc.MvcHandler.EndProcessRequest(IAsyncResult asyncResult)
   at System.Web.Mvc.MvcHandler.System.Web.IHttpAsyncHandler.EndProcessRequest(IAsyncResult result)
   at System.Web.HttpApplication.CallHandlerExecutionStep.System.Web.HttpApplication.IExecutionStep.Execute()
   at System.Web.HttpApplication.ExecuteStepImpl(IExecutionStep step)
   at System.Web.HttpApplication.ExecuteStep(IExecutionStep step, Boolean& completedSynchronously)
2020-12-04 23:47:25.0727|ERROR|BuildInspect.MvcApplication|Error:
2020-12-04 23:47:25.0727|ERROR|BuildInspect.MvcApplication|Operator '==' cannot be applied to operands of type 'bool' and 'int'
2020-12-04 23:47:25.0727|ERROR|BuildInspect.MvcApplication|   at CallSite.Target(Closure , CallSite , Object , Int32 )
   at System.Dynamic.UpdateDelegates.UpdateAndExecute2[T0,T1,TRet](CallSite site, T0 arg0, T1 arg1)
   at CallSite.Target(Closure , CallSite , Object , Int32 )
   at ASP._Page_Views_QCInspection_PartialBlockList_cshtml.Execute() in E:\Rapid Systemz\BuildQAS_New\BuildQAS\Views\QCInspection\PartialBlockList.cshtml:line 9
   at System.Web.WebPages.WebPageBase.ExecutePageHierarchy()
   at System.Web.Mvc.WebViewPage.ExecutePageHierarchy()
   at System.Web.WebPages.WebPageBase.ExecutePageHierarchy(WebPageContext pageContext, TextWriter writer, WebPageRenderingBase startPage)
   at System.Web.Mvc.RazorView.RenderView(ViewContext viewContext, TextWriter writer, Object instance)
   at System.Web.Mvc.BuildManagerCompiledView.Render(ViewContext viewContext, TextWriter writer)
   at System.Web.Mvc.ViewResultBase.ExecuteResult(ControllerContext context)
   at System.Web.Mvc.ControllerActionInvoker.InvokeActionResult(ControllerContext controllerContext, ActionResult actionResult)
   at System.Web.Mvc.ControllerActionInvoker.InvokeActionResultFilterRecursive(IList`1 filters, Int32 filterIndex, ResultExecutingContext preContext, ControllerContext controllerContext, ActionResult actionResult)
   at System.Web.Mvc.ControllerActionInvoker.InvokeActionResultFilterRecursive(IList`1 filters, Int32 filterIndex, ResultExecutingContext preContext, ControllerContext controllerContext, ActionResult actionResult)
   at System.Web.Mvc.ControllerActionInvoker.InvokeActionResultWithFilters(ControllerContext controllerContext, IList`1 filters, ActionResult actionResult)
   at System.Web.Mvc.Async.AsyncControllerActionInvoker.<>c__DisplayClass21.<>c__DisplayClass2b.<BeginInvokeAction>b__1c()
   at System.Web.Mvc.Async.AsyncControllerActionInvoker.<>c__DisplayClass21.<BeginInvokeAction>b__1e(IAsyncResult asyncResult)
   at System.Web.Mvc.Async.AsyncResultWrapper.WrappedAsyncResult`1.CallEndDelegate(IAsyncResult asyncResult)
   at System.Web.Mvc.Async.AsyncResultWrapper.WrappedAsyncResultBase`1.End()
   at System.Web.Mvc.Async.AsyncControllerActionInvoker.EndInvokeAction(IAsyncResult asyncResult)
   at System.Web.Mvc.Controller.<BeginExecuteCore>b__1d(IAsyncResult asyncResult, ExecuteCoreState innerState)
   at System.Web.Mvc.Async.AsyncResultWrapper.WrappedAsyncVoid`1.CallEndDelegate(IAsyncResult asyncResult)
   at System.Web.Mvc.Async.AsyncResultWrapper.WrappedAsyncResultBase`1.End()
   at System.Web.Mvc.Controller.EndExecuteCore(IAsyncResult asyncResult)
   at System.Web.Mvc.Controller.<BeginExecute>b__15(IAsyncResult asyncResult, Controller controller)
   at System.Web.Mvc.Async.AsyncResultWrapper.WrappedAsyncVoid`1.CallEndDelegate(IAsyncResult asyncResult)
   at System.Web.Mvc.Async.AsyncResultWrapper.WrappedAsyncResultBase`1.End()
   at System.Web.Mvc.Controller.EndExecute(IAsyncResult asyncResult)
   at System.Web.Mvc.Controller.System.Web.Mvc.Async.IAsyncController.EndExecute(IAsyncResult asyncResult)
   at System.Web.Mvc.MvcHandler.<BeginProcessRequest>b__5(IAsyncResult asyncResult, ProcessRequestState innerState)
   at System.Web.Mvc.Async.AsyncResultWrapper.WrappedAsyncVoid`1.CallEndDelegate(IAsyncResult asyncResult)
   at System.Web.Mvc.Async.AsyncResultWrapper.WrappedAsyncResultBase`1.End()
   at System.Web.Mvc.MvcHandler.EndProcessRequest(IAsyncResult asyncResult)
   at System.Web.Mvc.MvcHandler.System.Web.IHttpAsyncHandler.EndProcessRequest(IAsyncResult result)
   at System.Web.HttpApplication.CallHandlerExecutionStep.System.Web.HttpApplication.IExecutionStep.Execute()
   at System.Web.HttpApplication.ExecuteStepImpl(IExecutionStep step)
   at System.Web.HttpApplication.ExecuteStep(IExecutionStep step, Boolean& completedSynchronously)
2020-12-04 23:59:19.3441|DEBUG|BuildInspect.Models.Authentication.BasicAuthenticationMessageHandler|Raw Http Message: 
2020-12-04 23:59:19.4201|DEBUG|BuildInspect.Models.Authentication.BasicAuthenticationMessageHandler|isAuthenticated : True
2020-12-04 23:59:59.4638|DEBUG|BuildInspect.Models.Authentication.BasicAuthenticationMessageHandler|Raw Http Message: 
2020-12-04 23:59:59.4638|DEBUG|BuildInspect.Models.Authentication.BasicAuthenticationMessageHandler|isAuthenticated : True
